2021-12-26 11:26:32,981 - ClasspathResourceLoader : initialization complete.
2021-12-26 11:26:32,982 - ResourceCache : initialized. (class org.apache.velocity.runtime.resource.ResourceCacheImpl)
2021-12-26 11:26:32,982 - Default ResourceManager initialization complete.
2021-12-26 11:26:32,983 - Loaded System Directive: org.apache.velocity.runtime.directive.Literal
2021-12-26 11:26:32,983 - Loaded System Directive: org.apache.velocity.runtime.directive.Macro
2021-12-26 11:26:32,984 - Loaded System Directive: org.apache.velocity.runtime.directive.Parse
2021-12-26 11:26:32,985 - Loaded System Directive: org.apache.velocity.runtime.directive.Include
2021-12-26 11:26:32,985 - Loaded System Directive: org.apache.velocity.runtime.directive.Foreach
2021-12-26 11:26:33,004 - Created: 20 parsers.
2021-12-26 11:26:33,007 - Velocimacro : initialization starting.
2021-12-26 11:26:33,007 - Velocimacro : adding VMs from VM library template : VM_global_library.vm
2021-12-26 11:26:33,009 - ResourceManager : unable to find resource 'VM_global_library.vm' in any resource loader.
2021-12-26 11:26:33,009 - Velocimacro : error using  VM library template VM_global_library.vm : org.apache.velocity.exception.ResourceNotFoundException: Unable to find resource 'VM_global_library.vm'
2021-12-26 11:26:33,009 - Velocimacro :  VM library template macro registration complete.
2021-12-26 11:26:33,009 - Velocimacro : allowInline = true : VMs can be defined inline in templates
2021-12-26 11:26:33,009 - Velocimacro : allowInlineToOverride = false : VMs defined inline may NOT replace previous VM definitions
2021-12-26 11:26:33,009 - Velocimacro : allowInlineLocal = false : VMs defined inline will be  global in scope if allowed.
2021-12-26 11:26:33,009 - Velocimacro : messages on  : VM system will output logging messages
2021-12-26 11:26:33,009 - Velocimacro : autoload off  : VM system will not automatically reload global library macros
2021-12-26 11:26:33,009 - Velocimacro : initialization complete.
2021-12-26 11:26:33,009 - Velocity successfully started.
2021-12-26 11:29:22,515 - SimpleLog4JLogSystem initialized using logfile 'velocity.log'
2021-12-26 11:29:22,515 - ************************************************************** 
2021-12-26 11:29:22,515 - Starting Jakarta Velocity v1.4
2021-12-26 11:29:22,515 - RuntimeInstance initializing.
2021-12-26 11:29:22,515 - Default Properties File: org\apache\velocity\runtime\defaults\velocity.properties
2021-12-26 11:29:22,515 - Trying to use logger class org.apache.velocity.runtime.log.SimpleLog4JLogSystem
2021-12-26 11:29:22,515 - Using logger class org.apache.velocity.runtime.log.SimpleLog4JLogSystem
2021-12-26 11:29:22,517 - Default ResourceManager initializing. (class org.apache.velocity.runtime.resource.ResourceManagerImpl)
2021-12-26 11:29:22,518 - Resource Loader Instantiated: org.apache.velocity.runtime.resource.loader.ClasspathResourceLoader
2021-12-26 11:29:22,518 - ClasspathResourceLoader : initialization starting.
2021-12-26 11:29:22,518 - ClasspathResourceLoader : initialization complete.
2021-12-26 11:29:22,518 - ResourceCache : initialized. (class org.apache.velocity.runtime.resource.ResourceCacheImpl)
2021-12-26 11:29:22,518 - Default ResourceManager initialization complete.
2021-12-26 11:29:22,519 - Loaded System Directive: org.apache.velocity.runtime.directive.Literal
2021-12-26 11:29:22,520 - Loaded System Directive: org.apache.velocity.runtime.directive.Macro
2021-12-26 11:29:22,521 - Loaded System Directive: org.apache.velocity.runtime.directive.Parse
2021-12-26 11:29:22,521 - Loaded System Directive: org.apache.velocity.runtime.directive.Include
2021-12-26 11:29:22,522 - Loaded System Directive: org.apache.velocity.runtime.directive.Foreach
2021-12-26 11:29:22,532 - Created: 20 parsers.
2021-12-26 11:29:22,535 - Velocimacro : initialization starting.
2021-12-26 11:29:22,535 - Velocimacro : adding VMs from VM library template : VM_global_library.vm
2021-12-26 11:29:22,537 - ResourceManager : unable to find resource 'VM_global_library.vm' in any resource loader.
2021-12-26 11:29:22,537 - Velocimacro : error using  VM library template VM_global_library.vm : org.apache.velocity.exception.ResourceNotFoundException: Unable to find resource 'VM_global_library.vm'
2021-12-26 11:29:22,537 - Velocimacro :  VM library template macro registration complete.
2021-12-26 11:29:22,537 - Velocimacro : allowInline = true : VMs can be defined inline in templates
2021-12-26 11:29:22,537 - Velocimacro : allowInlineToOverride = false : VMs defined inline may NOT replace previous VM definitions
2021-12-26 11:29:22,537 - Velocimacro : allowInlineLocal = false : VMs defined inline will be  global in scope if allowed.
2021-12-26 11:29:22,537 - Velocimacro : messages on  : VM system will output logging messages
2021-12-26 11:29:22,537 - Velocimacro : autoload off  : VM system will not automatically reload global library macros
2021-12-26 11:29:22,537 - Velocimacro : initialization complete.
2021-12-26 11:29:22,537 - Velocity successfully started.
2021-12-27 23:32:37,411 - SimpleLog4JLogSystem initialized using logfile 'velocity.log'
2021-12-27 23:32:37,412 - ************************************************************** 
2021-12-27 23:32:37,412 - Starting Jakarta Velocity v1.4
2021-12-27 23:32:37,412 - RuntimeInstance initializing.
2021-12-27 23:32:37,412 - Default Properties File: org\apache\velocity\runtime\defaults\velocity.properties
2021-12-27 23:32:37,412 - Trying to use logger class org.apache.velocity.runtime.log.SimpleLog4JLogSystem
2021-12-27 23:32:37,412 - Using logger class org.apache.velocity.runtime.log.SimpleLog4JLogSystem
2021-12-27 23:32:37,413 - Default ResourceManager initializing. (class org.apache.velocity.runtime.resource.ResourceManagerImpl)
2021-12-27 23:32:37,414 - Resource Loader Instantiated: org.apache.velocity.runtime.resource.loader.ClasspathResourceLoader
2021-12-27 23:32:37,414 - ClasspathResourceLoader : initialization starting.
2021-12-27 23:32:37,414 - ClasspathResourceLoader : initialization complete.
2021-12-27 23:32:37,414 - ResourceCache : initialized. (class org.apache.velocity.runtime.resource.ResourceCacheImpl)
2021-12-27 23:32:37,414 - Default ResourceManager initialization complete.
2021-12-27 23:32:37,415 - Loaded System Directive: org.apache.velocity.runtime.directive.Literal
2021-12-27 23:32:37,416 - Loaded System Directive: org.apache.velocity.runtime.directive.Macro
2021-12-27 23:32:37,417 - Loaded System Directive: org.apache.velocity.runtime.directive.Parse
2021-12-27 23:32:37,417 - Loaded System Directive: org.apache.velocity.runtime.directive.Include
2021-12-27 23:32:37,418 - Loaded System Directive: org.apache.velocity.runtime.directive.Foreach
2021-12-27 23:32:37,428 - Created: 20 parsers.
2021-12-27 23:32:37,430 - Velocimacro : initialization starting.
2021-12-27 23:32:37,430 - Velocimacro : adding VMs from VM library template : VM_global_library.vm
2021-12-27 23:32:37,432 - ResourceManager : unable to find resource 'VM_global_library.vm' in any resource loader.
2021-12-27 23:32:37,432 - Velocimacro : error using  VM library template VM_global_library.vm : org.apache.velocity.exception.ResourceNotFoundException: Unable to find resource 'VM_global_library.vm'
2021-12-27 23:32:37,432 - Velocimacro :  VM library template macro registration complete.
2021-12-27 23:32:37,432 - Velocimacro : allowInline = true : VMs can be defined inline in templates
2021-12-27 23:32:37,432 - Velocimacro : allowInlineToOverride = false : VMs defined inline may NOT replace previous VM definitions
2021-12-27 23:32:37,432 - Velocimacro : allowInlineLocal = false : VMs defined inline will be  global in scope if allowed.
2021-12-27 23:32:37,432 - Velocimacro : messages on  : VM system will output logging messages
2021-12-27 23:32:37,432 - Velocimacro : autoload off  : VM system will not automatically reload global library macros
2021-12-27 23:32:37,433 - Velocimacro : initialization complete.
2021-12-27 23:32:37,433 - Velocity successfully started.
2021-12-28 11:33:19,713 - SimpleLog4JLogSystem initialized using logfile 'velocity.log'
2021-12-28 11:33:19,713 - ************************************************************** 
2021-12-28 11:33:19,713 - Starting Jakarta Velocity v1.4
2021-12-28 11:33:19,713 - RuntimeInstance initializing.
2021-12-28 11:33:19,713 - Default Properties File: org\apache\velocity\runtime\defaults\velocity.properties
2021-12-28 11:33:19,713 - Trying to use logger class org.apache.velocity.runtime.log.SimpleLog4JLogSystem
2021-12-28 11:33:19,713 - Using logger class org.apache.velocity.runtime.log.SimpleLog4JLogSystem
2021-12-28 11:33:19,713 - Default ResourceManager initializing. (class org.apache.velocity.runtime.resource.ResourceManagerImpl)
2021-12-28 11:33:19,713 - Resource Loader Instantiated: org.apache.velocity.runtime.resource.loader.ClasspathResourceLoader
2021-12-28 11:33:19,713 - ClasspathResourceLoader : initialization starting.
2021-12-28 11:33:19,713 - ClasspathResourceLoader : initialization complete.
2021-12-28 11:33:19,713 - ResourceCache : initialized. (class org.apache.velocity.runtime.resource.ResourceCacheImpl)
2021-12-28 11:33:19,713 - Default ResourceManager initialization complete.
2021-12-28 11:33:19,713 - Loaded System Directive: org.apache.velocity.runtime.directive.Literal
2021-12-28 11:33:19,713 - Loaded System Directive: org.apache.velocity.runtime.directive.Macro
2021-12-28 11:33:19,713 - Loaded System Directive: org.apache.velocity.runtime.directive.Parse
2021-12-28 11:33:19,713 - Loaded System Directive: org.apache.velocity.runtime.directive.Include
2021-12-28 11:33:19,713 - Loaded System Directive: org.apache.velocity.runtime.directive.Foreach
2021-12-28 11:33:19,729 - Created: 20 parsers.
2021-12-28 11:33:19,729 - Velocimacro : initialization starting.
2021-12-28 11:33:19,729 - Velocimacro : adding VMs from VM library template : VM_global_library.vm
2021-12-28 11:33:19,729 - ResourceManager : unable to find resource 'VM_global_library.vm' in any resource loader.
2021-12-28 11:33:19,729 - Velocimacro : error using  VM library template VM_global_library.vm : org.apache.velocity.exception.ResourceNotFoundException: Unable to find resource 'VM_global_library.vm'
2021-12-28 11:33:19,729 - Velocimacro :  VM library template macro registration complete.
2021-12-28 11:33:19,729 - Velocimacro : allowInline = true : VMs can be defined inline in templates
2021-12-28 11:33:19,729 - Velocimacro : allowInlineToOverride = false : VMs defined inline may NOT replace previous VM definitions
2021-12-28 11:33:19,729 - Velocimacro : allowInlineLocal = false : VMs defined inline will be  global in scope if allowed.
2021-12-28 11:33:19,729 - Velocimacro : messages on  : VM system will output logging messages
2021-12-28 11:33:19,729 - Velocimacro : autoload off  : VM system will not automatically reload global library macros
2021-12-28 11:33:19,729 - Velocimacro : initialization complete.
2021-12-28 11:33:19,729 - Velocity successfully started.
2021-12-28 11:43:58,194 - SimpleLog4JLogSystem initialized using logfile 'velocity.log'
2021-12-28 11:43:58,194 - ************************************************************** 
2021-12-28 11:43:58,194 - Starting Jakarta Velocity v1.4
2021-12-28 11:43:58,194 - RuntimeInstance initializing.
2021-12-28 11:43:58,194 - Default Properties File: org\apache\velocity\runtime\defaults\velocity.properties
2021-12-28 11:43:58,194 - Trying to use logger class org.apache.velocity.runtime.log.SimpleLog4JLogSystem
2021-12-28 11:43:58,194 - Using logger class org.apache.velocity.runtime.log.SimpleLog4JLogSystem
2021-12-28 11:43:58,194 - Default ResourceManager initializing. (class org.apache.velocity.runtime.resource.ResourceManagerImpl)
2021-12-28 11:43:58,194 - Resource Loader Instantiated: org.apache.velocity.runtime.resource.loader.ClasspathResourceLoader
2021-12-28 11:43:58,194 - ClasspathResourceLoader : initialization starting.
2021-12-28 11:43:58,194 - ClasspathResourceLoader : initialization complete.
2021-12-28 11:43:58,194 - ResourceCache : initialized. (class org.apache.velocity.runtime.resource.ResourceCacheImpl)
2021-12-28 11:43:58,194 - Default ResourceManager initialization complete.
2021-12-28 11:43:58,194 - Loaded System Directive: org.apache.velocity.runtime.directive.Literal
2021-12-28 11:43:58,194 - Loaded System Directive: org.apache.velocity.runtime.directive.Macro
2021-12-28 11:43:58,194 - Loaded System Directive: org.apache.velocity.runtime.directive.Parse
2021-12-28 11:43:58,194 - Loaded System Directive: org.apache.velocity.runtime.directive.Include
2021-12-28 11:43:58,194 - Loaded System Directive: org.apache.velocity.runtime.directive.Foreach
2021-12-28 11:43:58,210 - Created: 20 parsers.
2021-12-28 11:43:58,210 - Velocimacro : initialization starting.
2021-12-28 11:43:58,210 - Velocimacro : adding VMs from VM library template : VM_global_library.vm
2021-12-28 11:43:58,210 - ResourceManager : unable to find resource 'VM_global_library.vm' in any resource loader.
2021-12-28 11:43:58,210 - Velocimacro : error using  VM library template VM_global_library.vm : org.apache.velocity.exception.ResourceNotFoundException: Unable to find resource 'VM_global_library.vm'
2021-12-28 11:43:58,210 - Velocimacro :  VM library template macro registration complete.
2021-12-28 11:43:58,210 - Velocimacro : allowInline = true : VMs can be defined inline in templates
2021-12-28 11:43:58,210 - Velocimacro : allowInlineToOverride = false : VMs defined inline may NOT replace previous VM definitions
2021-12-28 11:43:58,210 - Velocimacro : allowInlineLocal = false : VMs defined inline will be  global in scope if allowed.
2021-12-28 11:43:58,210 - Velocimacro : messages on  : VM system will output logging messages
2021-12-28 11:43:58,210 - Velocimacro : autoload off  : VM system will not automatically reload global library macros
2021-12-28 11:43:58,210 - Velocimacro : initialization complete.
2021-12-28 11:43:58,210 - Velocity successfully started.
2021-12-28 12:21:19,968 - SimpleLog4JLogSystem initialized using logfile 'velocity.log'
2021-12-28 12:21:19,968 - ************************************************************** 
2021-12-28 12:21:19,968 - Starting Jakarta Velocity v1.4
2021-12-28 12:21:19,968 - RuntimeInstance initializing.
2021-12-28 12:21:19,968 - Default Properties File: org\apache\velocity\runtime\defaults\velocity.properties
2021-12-28 12:21:19,968 - Trying to use logger class org.apache.velocity.runtime.log.SimpleLog4JLogSystem
2021-12-28 12:21:19,968 - Using logger class org.apache.velocity.runtime.log.SimpleLog4JLogSystem
2021-12-28 12:21:19,969 - Default ResourceManager initializing. (class org.apache.velocity.runtime.resource.ResourceManagerImpl)
2021-12-28 12:21:19,970 - Resource Loader Instantiated: org.apache.velocity.runtime.resource.loader.ClasspathResourceLoader
2021-12-28 12:21:19,970 - ClasspathResourceLoader : initialization starting.
2021-12-28 12:21:19,970 - ClasspathResourceLoader : initialization complete.
2021-12-28 12:21:19,971 - ResourceCache : initialized. (class org.apache.velocity.runtime.resource.ResourceCacheImpl)
2021-12-28 12:21:19,971 - Default ResourceManager initialization complete.
2021-12-28 12:21:19,971 - Loaded System Directive: org.apache.velocity.runtime.directive.Literal
2021-12-28 12:21:19,972 - Loaded System Directive: org.apache.velocity.runtime.directive.Macro
2021-12-28 12:21:19,973 - Loaded System Directive: org.apache.velocity.runtime.directive.Parse
2021-12-28 12:21:19,974 - Loaded System Directive: org.apache.velocity.runtime.directive.Include
2021-12-28 12:21:19,974 - Loaded System Directive: org.apache.velocity.runtime.directive.Foreach
2021-12-28 12:21:19,984 - Created: 20 parsers.
2021-12-28 12:21:19,987 - Velocimacro : initialization starting.
2021-12-28 12:21:19,987 - Velocimacro : adding VMs from VM library template : VM_global_library.vm
2021-12-28 12:21:19,989 - ResourceManager : unable to find resource 'VM_global_library.vm' in any resource loader.
2021-12-28 12:21:19,989 - Velocimacro : error using  VM library template VM_global_library.vm : org.apache.velocity.exception.ResourceNotFoundException: Unable to find resource 'VM_global_library.vm'
2021-12-28 12:21:19,989 - Velocimacro :  VM library template macro registration complete.
2021-12-28 12:21:19,989 - Velocimacro : allowInline = true : VMs can be defined inline in templates
2021-12-28 12:21:19,989 - Velocimacro : allowInlineToOverride = false : VMs defined inline may NOT replace previous VM definitions
2021-12-28 12:21:19,989 - Velocimacro : allowInlineLocal = false : VMs defined inline will be  global in scope if allowed.
2021-12-28 12:21:19,989 - Velocimacro : messages on  : VM system will output logging messages
2021-12-28 12:21:19,989 - Velocimacro : autoload off  : VM system will not automatically reload global library macros
2021-12-28 12:21:19,989 - Velocimacro : initialization complete.
2021-12-28 12:21:19,989 - Velocity successfully started.
2021-12-28 12:27:10,927 - SimpleLog4JLogSystem initialized using logfile 'velocity.log'
2021-12-28 12:27:10,927 - ************************************************************** 
2021-12-28 12:27:10,927 - Starting Jakarta Velocity v1.4
2021-12-28 12:27:10,927 - RuntimeInstance initializing.
2021-12-28 12:27:10,927 - Default Properties File: org\apache\velocity\runtime\defaults\velocity.properties
2021-12-28 12:27:10,927 - Trying to use logger class org.apache.velocity.runtime.log.SimpleLog4JLogSystem
2021-12-28 12:27:10,927 - Using logger class org.apache.velocity.runtime.log.SimpleLog4JLogSystem
2021-12-28 12:27:10,927 - Default ResourceManager initializing. (class org.apache.velocity.runtime.resource.ResourceManagerImpl)
2021-12-28 12:27:10,927 - Resource Loader Instantiated: org.apache.velocity.runtime.resource.loader.ClasspathResourceLoader
2021-12-28 12:27:10,927 - ClasspathResourceLoader : initialization starting.
2021-12-28 12:27:10,927 - ClasspathResourceLoader : initialization complete.
2021-12-28 12:27:10,927 - ResourceCache : initialized. (class org.apache.velocity.runtime.resource.ResourceCacheImpl)
2021-12-28 12:27:10,927 - Default ResourceManager initialization complete.
2021-12-28 12:27:10,927 - Loaded System Directive: org.apache.velocity.runtime.directive.Literal
2021-12-28 12:27:10,927 - Loaded System Directive: org.apache.velocity.runtime.directive.Macro
2021-12-28 12:27:10,927 - Loaded System Directive: org.apache.velocity.runtime.directive.Parse
2021-12-28 12:27:10,927 - Loaded System Directive: org.apache.velocity.runtime.directive.Include
2021-12-28 12:27:10,927 - Loaded System Directive: org.apache.velocity.runtime.directive.Foreach
2021-12-28 12:27:10,942 - Created: 20 parsers.
2021-12-28 12:27:10,942 - Velocimacro : initialization starting.
2021-12-28 12:27:10,942 - Velocimacro : adding VMs from VM library template : VM_global_library.vm
2021-12-28 12:27:10,942 - ResourceManager : unable to find resource 'VM_global_library.vm' in any resource loader.
2021-12-28 12:27:10,942 - Velocimacro : error using  VM library template VM_global_library.vm : org.apache.velocity.exception.ResourceNotFoundException: Unable to find resource 'VM_global_library.vm'
2021-12-28 12:27:10,942 - Velocimacro :  VM library template macro registration complete.
2021-12-28 12:27:10,942 - Velocimacro : allowInline = true : VMs can be defined inline in templates
2021-12-28 12:27:10,942 - Velocimacro : allowInlineToOverride = false : VMs defined inline may NOT replace previous VM definitions
2021-12-28 12:27:10,942 - Velocimacro : allowInlineLocal = false : VMs defined inline will be  global in scope if allowed.
2021-12-28 12:27:10,942 - Velocimacro : messages on  : VM system will output logging messages
2021-12-28 12:27:10,942 - Velocimacro : autoload off  : VM system will not automatically reload global library macros
2021-12-28 12:27:10,942 - Velocimacro : initialization complete.
2021-12-28 12:27:10,942 - Velocity successfully started.
2021-12-28 23:20:02,791 - SimpleLog4JLogSystem initialized using logfile 'velocity.log'
2021-12-28 23:20:02,791 - ************************************************************** 
2021-12-28 23:20:02,791 - Starting Jakarta Velocity v1.4
2021-12-28 23:20:02,791 - RuntimeInstance initializing.
2021-12-28 23:20:02,791 - Default Properties File: org\apache\velocity\runtime\defaults\velocity.properties
2021-12-28 23:20:02,791 - Trying to use logger class org.apache.velocity.runtime.log.SimpleLog4JLogSystem
2021-12-28 23:20:02,791 - Using logger class org.apache.velocity.runtime.log.SimpleLog4JLogSystem
2021-12-28 23:20:02,792 - Default ResourceManager initializing. (class org.apache.velocity.runtime.resource.ResourceManagerImpl)
2021-12-28 23:20:02,793 - Resource Loader Instantiated: org.apache.velocity.runtime.resource.loader.ClasspathResourceLoader
2021-12-28 23:20:02,793 - ClasspathResourceLoader : initialization starting.
2021-12-28 23:20:02,793 - ClasspathResourceLoader : initialization complete.
2021-12-28 23:20:02,794 - ResourceCache : initialized. (class org.apache.velocity.runtime.resource.ResourceCacheImpl)
2021-12-28 23:20:02,794 - Default ResourceManager initialization complete.
2021-12-28 23:20:02,795 - Loaded System Directive: org.apache.velocity.runtime.directive.Literal
2021-12-28 23:20:02,795 - Loaded System Directive: org.apache.velocity.runtime.directive.Macro
2021-12-28 23:20:02,796 - Loaded System Directive: org.apache.velocity.runtime.directive.Parse
2021-12-28 23:20:02,797 - Loaded System Directive: org.apache.velocity.runtime.directive.Include
2021-12-28 23:20:02,797 - Loaded System Directive: org.apache.velocity.runtime.directive.Foreach
2021-12-28 23:20:02,807 - Created: 20 parsers.
2021-12-28 23:20:02,810 - Velocimacro : initialization starting.
2021-12-28 23:20:02,810 - Velocimacro : adding VMs from VM library template : VM_global_library.vm
2021-12-28 23:20:02,812 - ResourceManager : unable to find resource 'VM_global_library.vm' in any resource loader.
2021-12-28 23:20:02,812 - Velocimacro : error using  VM library template VM_global_library.vm : org.apache.velocity.exception.ResourceNotFoundException: Unable to find resource 'VM_global_library.vm'
2021-12-28 23:20:02,812 - Velocimacro :  VM library template macro registration complete.
2021-12-28 23:20:02,812 - Velocimacro : allowInline = true : VMs can be defined inline in templates
2021-12-28 23:20:02,812 - Velocimacro : allowInlineToOverride = false : VMs defined inline may NOT replace previous VM definitions
2021-12-28 23:20:02,812 - Velocimacro : allowInlineLocal = false : VMs defined inline will be  global in scope if allowed.
2021-12-28 23:20:02,812 - Velocimacro : messages on  : VM system will output logging messages
2021-12-28 23:20:02,812 - Velocimacro : autoload off  : VM system will not automatically reload global library macros
2021-12-28 23:20:02,812 - Velocimacro : initialization complete.
2021-12-28 23:20:02,812 - Velocity successfully started.
2021-12-28 23:22:32,259 - SimpleLog4JLogSystem initialized using logfile 'velocity.log'
2021-12-28 23:22:32,267 - ************************************************************** 
2021-12-28 23:22:32,267 - Starting Jakarta Velocity v1.4
2021-12-28 23:22:32,267 - RuntimeInstance initializing.
2021-12-28 23:22:32,267 - Default Properties File: org\apache\velocity\runtime\defaults\velocity.properties
2021-12-28 23:22:32,267 - Trying to use logger class org.apache.velocity.runtime.log.SimpleLog4JLogSystem
2021-12-28 23:22:32,267 - Using logger class org.apache.velocity.runtime.log.SimpleLog4JLogSystem
2021-12-28 23:22:32,268 - Default ResourceManager initializing. (class org.apache.velocity.runtime.resource.ResourceManagerImpl)
2021-12-28 23:22:32,269 - Resource Loader Instantiated: org.apache.velocity.runtime.resource.loader.ClasspathResourceLoader
2021-12-28 23:22:32,269 - ClasspathResourceLoader : initialization starting.
2021-12-28 23:22:32,269 - ClasspathResourceLoader : initialization complete.
2021-12-28 23:22:32,270 - ResourceCache : initialized. (class org.apache.velocity.runtime.resource.ResourceCacheImpl)
2021-12-28 23:22:32,270 - Default ResourceManager initialization complete.
2021-12-28 23:22:32,270 - Loaded System Directive: org.apache.velocity.runtime.directive.Literal
2021-12-28 23:22:32,271 - Loaded System Directive: org.apache.velocity.runtime.directive.Macro
2021-12-28 23:22:32,272 - Loaded System Directive: org.apache.velocity.runtime.directive.Parse
2021-12-28 23:22:32,273 - Loaded System Directive: org.apache.velocity.runtime.directive.Include
2021-12-28 23:22:32,273 - Loaded System Directive: org.apache.velocity.runtime.directive.Foreach
2021-12-28 23:22:32,283 - Created: 20 parsers.
2021-12-28 23:22:32,286 - Velocimacro : initialization starting.
2021-12-28 23:22:32,286 - Velocimacro : adding VMs from VM library template : VM_global_library.vm
2021-12-28 23:22:32,288 - ResourceManager : unable to find resource 'VM_global_library.vm' in any resource loader.
2021-12-28 23:22:32,288 - Velocimacro : error using  VM library template VM_global_library.vm : org.apache.velocity.exception.ResourceNotFoundException: Unable to find resource 'VM_global_library.vm'
2021-12-28 23:22:32,288 - Velocimacro :  VM library template macro registration complete.
2021-12-28 23:22:32,288 - Velocimacro : allowInline = true : VMs can be defined inline in templates
2021-12-28 23:22:32,288 - Velocimacro : allowInlineToOverride = false : VMs defined inline may NOT replace previous VM definitions
2021-12-28 23:22:32,288 - Velocimacro : allowInlineLocal = false : VMs defined inline will be  global in scope if allowed.
2021-12-28 23:22:32,288 - Velocimacro : messages on  : VM system will output logging messages
2021-12-28 23:22:32,288 - Velocimacro : autoload off  : VM system will not automatically reload global library macros
2021-12-28 23:22:32,288 - Velocimacro : initialization complete.
2021-12-28 23:22:32,288 - Velocity successfully started.
2021-12-28 23:24:03,584 - SimpleLog4JLogSystem initialized using logfile 'velocity.log'
2021-12-28 23:24:03,585 - ************************************************************** 
2021-12-28 23:24:03,585 - Starting Jakarta Velocity v1.4
2021-12-28 23:24:03,585 - RuntimeInstance initializing.
2021-12-28 23:24:03,585 - Default Properties File: org\apache\velocity\runtime\defaults\velocity.properties
2021-12-28 23:24:03,585 - Trying to use logger class org.apache.velocity.runtime.log.SimpleLog4JLogSystem
2021-12-28 23:24:03,585 - Using logger class org.apache.velocity.runtime.log.SimpleLog4JLogSystem
2021-12-28 23:24:03,586 - Default ResourceManager initializing. (class org.apache.velocity.runtime.resource.ResourceManagerImpl)
2021-12-28 23:24:03,588 - Resource Loader Instantiated: org.apache.velocity.runtime.resource.loader.ClasspathResourceLoader
2021-12-28 23:24:03,588 - ClasspathResourceLoader : initialization starting.
2021-12-28 23:24:03,588 - ClasspathResourceLoader : initialization complete.
2021-12-28 23:24:03,589 - ResourceCache : initialized. (class org.apache.velocity.runtime.resource.ResourceCacheImpl)
2021-12-28 23:24:03,589 - Default ResourceManager initialization complete.
2021-12-28 23:24:03,590 - Loaded System Directive: org.apache.velocity.runtime.directive.Literal
2021-12-28 23:24:03,591 - Loaded System Directive: org.apache.velocity.runtime.directive.Macro
2021-12-28 23:24:03,592 - Loaded System Directive: org.apache.velocity.runtime.directive.Parse
2021-12-28 23:24:03,593 - Loaded System Directive: org.apache.velocity.runtime.directive.Include
2021-12-28 23:24:03,594 - Loaded System Directive: org.apache.velocity.runtime.directive.Foreach
2021-12-28 23:24:03,604 - Created: 20 parsers.
2021-12-28 23:24:03,607 - Velocimacro : initialization starting.
2021-12-28 23:24:03,607 - Velocimacro : adding VMs from VM library template : VM_global_library.vm
2021-12-28 23:24:03,609 - ResourceManager : unable to find resource 'VM_global_library.vm' in any resource loader.
2021-12-28 23:24:03,609 - Velocimacro : error using  VM library template VM_global_library.vm : org.apache.velocity.exception.ResourceNotFoundException: Unable to find resource 'VM_global_library.vm'
2021-12-28 23:24:03,609 - Velocimacro :  VM library template macro registration complete.
2021-12-28 23:24:03,609 - Velocimacro : allowInline = true : VMs can be defined inline in templates
2021-12-28 23:24:03,609 - Velocimacro : allowInlineToOverride = false : VMs defined inline may NOT replace previous VM definitions
2021-12-28 23:24:03,609 - Velocimacro : allowInlineLocal = false : VMs defined inline will be  global in scope if allowed.
2021-12-28 23:24:03,609 - Velocimacro : messages on  : VM system will output logging messages
2021-12-28 23:24:03,609 - Velocimacro : autoload off  : VM system will not automatically reload global library macros
2021-12-28 23:24:03,609 - Velocimacro : initialization complete.
2021-12-28 23:24:03,609 - Velocity successfully started.
2021-12-28 23:30:26,729 - SimpleLog4JLogSystem initialized using logfile 'velocity.log'
2021-12-28 23:30:26,729 - ************************************************************** 
2021-12-28 23:30:26,729 - Starting Jakarta Velocity v1.4
2021-12-28 23:30:26,729 - RuntimeInstance initializing.
2021-12-28 23:30:26,729 - Default Properties File: org\apache\velocity\runtime\defaults\velocity.properties
2021-12-28 23:30:26,729 - Trying to use logger class org.apache.velocity.runtime.log.SimpleLog4JLogSystem
2021-12-28 23:30:26,729 - Using logger class org.apache.velocity.runtime.log.SimpleLog4JLogSystem
2021-12-28 23:30:26,729 - Default ResourceManager initializing. (class org.apache.velocity.runtime.resource.ResourceManagerImpl)
2021-12-28 23:30:26,745 - Resource Loader Instantiated: org.apache.velocity.runtime.resource.loader.ClasspathResourceLoader
2021-12-28 23:30:26,745 - ClasspathResourceLoader : initialization starting.
2021-12-28 23:30:26,745 - ClasspathResourceLoader : initialization complete.
2021-12-28 23:30:26,745 - ResourceCache : initialized. (class org.apache.velocity.runtime.resource.ResourceCacheImpl)
2021-12-28 23:30:26,745 - Default ResourceManager initialization complete.
2021-12-28 23:30:26,745 - Loaded System Directive: org.apache.velocity.runtime.directive.Literal
2021-12-28 23:30:26,745 - Loaded System Directive: org.apache.velocity.runtime.directive.Macro
2021-12-28 23:30:26,745 - Loaded System Directive: org.apache.velocity.runtime.directive.Parse
2021-12-28 23:30:26,745 - Loaded System Directive: org.apache.velocity.runtime.directive.Include
2021-12-28 23:30:26,745 - Loaded System Directive: org.apache.velocity.runtime.directive.Foreach
2021-12-28 23:30:26,745 - Created: 20 parsers.
2021-12-28 23:30:26,761 - Velocimacro : initialization starting.
2021-12-28 23:30:26,761 - Velocimacro : adding VMs from VM library template : VM_global_library.vm
2021-12-28 23:30:26,761 - ResourceManager : unable to find resource 'VM_global_library.vm' in any resource loader.
2021-12-28 23:30:26,761 - Velocimacro : error using  VM library template VM_global_library.vm : org.apache.velocity.exception.ResourceNotFoundException: Unable to find resource 'VM_global_library.vm'
2021-12-28 23:30:26,761 - Velocimacro :  VM library template macro registration complete.
2021-12-28 23:30:26,761 - Velocimacro : allowInline = true : VMs can be defined inline in templates
2021-12-28 23:30:26,761 - Velocimacro : allowInlineToOverride = false : VMs defined inline may NOT replace previous VM definitions
2021-12-28 23:30:26,761 - Velocimacro : allowInlineLocal = false : VMs defined inline will be  global in scope if allowed.
2021-12-28 23:30:26,761 - Velocimacro : messages on  : VM system will output logging messages
2021-12-28 23:30:26,761 - Velocimacro : autoload off  : VM system will not automatically reload global library macros
2021-12-28 23:30:26,761 - Velocimacro : initialization complete.
2021-12-28 23:30:26,761 - Velocity successfully started.
2021-12-28 23:31:10,467 - SimpleLog4JLogSystem initialized using logfile 'velocity.log'
2021-12-28 23:31:10,467 - ************************************************************** 
2021-12-28 23:31:10,467 - Starting Jakarta Velocity v1.4
2021-12-28 23:31:10,467 - RuntimeInstance initializing.
2021-12-28 23:31:10,467 - Default Properties File: org\apache\velocity\runtime\defaults\velocity.properties
2021-12-28 23:31:10,467 - Trying to use logger class org.apache.velocity.runtime.log.SimpleLog4JLogSystem
2021-12-28 23:31:10,467 - Using logger class org.apache.velocity.runtime.log.SimpleLog4JLogSystem
2021-12-28 23:31:10,467 - Default ResourceManager initializing. (class org.apache.velocity.runtime.resource.ResourceManagerImpl)
2021-12-28 23:31:10,467 - Resource Loader Instantiated: org.apache.velocity.runtime.resource.loader.ClasspathResourceLoader
2021-12-28 23:31:10,467 - ClasspathResourceLoader : initialization starting.
2021-12-28 23:31:10,467 - ClasspathResourceLoader : initialization complete.
2021-12-28 23:31:10,467 - ResourceCache : initialized. (class org.apache.velocity.runtime.resource.ResourceCacheImpl)
2021-12-28 23:31:10,467 - Default ResourceManager initialization complete.
2021-12-28 23:31:10,467 - Loaded System Directive: org.apache.velocity.runtime.directive.Literal
2021-12-28 23:31:10,467 - Loaded System Directive: org.apache.velocity.runtime.directive.Macro
2021-12-28 23:31:10,482 - Loaded System Directive: org.apache.velocity.runtime.directive.Parse
2021-12-28 23:31:10,482 - Loaded System Directive: org.apache.velocity.runtime.directive.Include
2021-12-28 23:31:10,482 - Loaded System Directive: org.apache.velocity.runtime.directive.Foreach
2021-12-28 23:31:10,482 - Created: 20 parsers.
2021-12-28 23:31:10,495 - Velocimacro : initialization starting.
2021-12-28 23:31:10,495 - Velocimacro : adding VMs from VM library template : VM_global_library.vm
2021-12-28 23:31:10,498 - ResourceManager : unable to find resource 'VM_global_library.vm' in any resource loader.
2021-12-28 23:31:10,498 - Velocimacro : error using  VM library template VM_global_library.vm : org.apache.velocity.exception.ResourceNotFoundException: Unable to find resource 'VM_global_library.vm'
2021-12-28 23:31:10,498 - Velocimacro :  VM library template macro registration complete.
2021-12-28 23:31:10,498 - Velocimacro : allowInline = true : VMs can be defined inline in templates
2021-12-28 23:31:10,498 - Velocimacro : allowInlineToOverride = false : VMs defined inline may NOT replace previous VM definitions
2021-12-28 23:31:10,498 - Velocimacro : allowInlineLocal = false : VMs defined inline will be  global in scope if allowed.
2021-12-28 23:31:10,498 - Velocimacro : messages on  : VM system will output logging messages
2021-12-28 23:31:10,498 - Velocimacro : autoload off  : VM system will not automatically reload global library macros
2021-12-28 23:31:10,498 - Velocimacro : initialization complete.
2021-12-28 23:31:10,498 - Velocity successfully started.
2021-12-28 23:32:58,622 - SimpleLog4JLogSystem initialized using logfile 'velocity.log'
2021-12-28 23:32:58,622 - ************************************************************** 
2021-12-28 23:32:58,622 - Starting Jakarta Velocity v1.4
2021-12-28 23:32:58,622 - RuntimeInstance initializing.
2021-12-28 23:32:58,622 - Default Properties File: org\apache\velocity\runtime\defaults\velocity.properties
2021-12-28 23:32:58,622 - Trying to use logger class org.apache.velocity.runtime.log.SimpleLog4JLogSystem
2021-12-28 23:32:58,622 - Using logger class org.apache.velocity.runtime.log.SimpleLog4JLogSystem
2021-12-28 23:32:58,622 - Default ResourceManager initializing. (class org.apache.velocity.runtime.resource.ResourceManagerImpl)
2021-12-28 23:32:58,638 - Resource Loader Instantiated: org.apache.velocity.runtime.resource.loader.ClasspathResourceLoader
2021-12-28 23:32:58,638 - ClasspathResourceLoader : initialization starting.
2021-12-28 23:32:58,638 - ClasspathResourceLoader : initialization complete.
2021-12-28 23:32:58,638 - ResourceCache : initialized. (class org.apache.velocity.runtime.resource.ResourceCacheImpl)
2021-12-28 23:32:58,638 - Default ResourceManager initialization complete.
2021-12-28 23:32:58,638 - Loaded System Directive: org.apache.velocity.runtime.directive.Literal
2021-12-28 23:32:58,638 - Loaded System Directive: org.apache.velocity.runtime.directive.Macro
2021-12-28 23:32:58,638 - Loaded System Directive: org.apache.velocity.runtime.directive.Parse
2021-12-28 23:32:58,638 - Loaded System Directive: org.apache.velocity.runtime.directive.Include
2021-12-28 23:32:58,638 - Loaded System Directive: org.apache.velocity.runtime.directive.Foreach
2021-12-28 23:32:58,638 - Created: 20 parsers.
2021-12-28 23:32:58,654 - Velocimacro : initialization starting.
2021-12-28 23:32:58,654 - Velocimacro : adding VMs from VM library template : VM_global_library.vm
2021-12-28 23:32:58,654 - ResourceManager : unable to find resource 'VM_global_library.vm' in any resource loader.
2021-12-28 23:32:58,654 - Velocimacro : error using  VM library template VM_global_library.vm : org.apache.velocity.exception.ResourceNotFoundException: Unable to find resource 'VM_global_library.vm'
2021-12-28 23:32:58,654 - Velocimacro :  VM library template macro registration complete.
2021-12-28 23:32:58,654 - Velocimacro : allowInline = true : VMs can be defined inline in templates
2021-12-28 23:32:58,654 - Velocimacro : allowInlineToOverride = false : VMs defined inline may NOT replace previous VM definitions
2021-12-28 23:32:58,654 - Velocimacro : allowInlineLocal = false : VMs defined inline will be  global in scope if allowed.
2021-12-28 23:32:58,654 - Velocimacro : messages on  : VM system will output logging messages
2021-12-28 23:32:58,654 - Velocimacro : autoload off  : VM system will not automatically reload global library macros
2021-12-28 23:32:58,654 - Velocimacro : initialization complete.
2021-12-28 23:32:58,654 - Velocity successfully started.
2021-12-29 01:27:04,572 - SimpleLog4JLogSystem initialized using logfile 'velocity.log'
2021-12-29 01:27:04,572 - ************************************************************** 
2021-12-29 01:27:04,572 - Starting Jakarta Velocity v1.4
2021-12-29 01:27:04,572 - RuntimeInstance initializing.
2021-12-29 01:27:04,572 - Default Properties File: org\apache\velocity\runtime\defaults\velocity.properties
2021-12-29 01:27:04,572 - Trying to use logger class org.apache.velocity.runtime.log.SimpleLog4JLogSystem
2021-12-29 01:27:04,572 - Using logger class org.apache.velocity.runtime.log.SimpleLog4JLogSystem
2021-12-29 01:27:04,573 - Default ResourceManager initializing. (class org.apache.velocity.runtime.resource.ResourceManagerImpl)
2021-12-29 01:27:04,574 - Resource Loader Instantiated: org.apache.velocity.runtime.resource.loader.ClasspathResourceLoader
2021-12-29 01:27:04,574 - ClasspathResourceLoader : initialization starting.
2021-12-29 01:27:04,574 - ClasspathResourceLoader : initialization complete.
2021-12-29 01:27:04,575 - ResourceCache : initialized. (class org.apache.velocity.runtime.resource.ResourceCacheImpl)
2021-12-29 01:27:04,575 - Default ResourceManager initialization complete.
2021-12-29 01:27:04,576 - Loaded System Directive: org.apache.velocity.runtime.directive.Literal
2021-12-29 01:27:04,577 - Loaded System Directive: org.apache.velocity.runtime.directive.Macro
2021-12-29 01:27:04,578 - Loaded System Directive: org.apache.velocity.runtime.directive.Parse
2021-12-29 01:27:04,579 - Loaded System Directive: org.apache.velocity.runtime.directive.Include
2021-12-29 01:27:04,579 - Loaded System Directive: org.apache.velocity.runtime.directive.Foreach
2021-12-29 01:27:04,591 - Created: 20 parsers.
2021-12-29 01:27:04,594 - Velocimacro : initialization starting.
2021-12-29 01:27:04,594 - Velocimacro : adding VMs from VM library template : VM_global_library.vm
2021-12-29 01:27:04,597 - ResourceManager : unable to find resource 'VM_global_library.vm' in any resource loader.
2021-12-29 01:27:04,597 - Velocimacro : error using  VM library template VM_global_library.vm : org.apache.velocity.exception.ResourceNotFoundException: Unable to find resource 'VM_global_library.vm'
2021-12-29 01:27:04,597 - Velocimacro :  VM library template macro registration complete.
2021-12-29 01:27:04,597 - Velocimacro : allowInline = true : VMs can be defined inline in templates
2021-12-29 01:27:04,597 - Velocimacro : allowInlineToOverride = false : VMs defined inline may NOT replace previous VM definitions
2021-12-29 01:27:04,597 - Velocimacro : allowInlineLocal = false : VMs defined inline will be  global in scope if allowed.
2021-12-29 01:27:04,597 - Velocimacro : messages on  : VM system will output logging messages
2021-12-29 01:27:04,597 - Velocimacro : autoload off  : VM system will not automatically reload global library macros
2021-12-29 01:27:04,597 - Velocimacro : initialization complete.
2021-12-29 01:27:04,597 - Velocity successfully started.
2021-12-29 10:17:28,956 - SimpleLog4JLogSystem initialized using logfile 'velocity.log'
2021-12-29 10:17:28,956 - ************************************************************** 
2021-12-29 10:17:28,956 - Starting Jakarta Velocity v1.4
2021-12-29 10:17:28,956 - RuntimeInstance initializing.
2021-12-29 10:17:28,956 - Default Properties File: org\apache\velocity\runtime\defaults\velocity.properties
2021-12-29 10:17:28,956 - Trying to use logger class org.apache.velocity.runtime.log.SimpleLog4JLogSystem
2021-12-29 10:17:28,956 - Using logger class org.apache.velocity.runtime.log.SimpleLog4JLogSystem
2021-12-29 10:17:28,956 - Default ResourceManager initializing. (class org.apache.velocity.runtime.resource.ResourceManagerImpl)
2021-12-29 10:17:28,956 - Resource Loader Instantiated: org.apache.velocity.runtime.resource.loader.ClasspathResourceLoader
2021-12-29 10:17:28,956 - ClasspathResourceLoader : initialization starting.
2021-12-29 10:17:28,956 - ClasspathResourceLoader : initialization complete.
2021-12-29 10:17:28,956 - ResourceCache : initialized. (class org.apache.velocity.runtime.resource.ResourceCacheImpl)
2021-12-29 10:17:28,956 - Default ResourceManager initialization complete.
2021-12-29 10:17:28,956 - Loaded System Directive: org.apache.velocity.runtime.directive.Literal
2021-12-29 10:17:28,956 - Loaded System Directive: org.apache.velocity.runtime.directive.Macro
2021-12-29 10:17:28,956 - Loaded System Directive: org.apache.velocity.runtime.directive.Parse
2021-12-29 10:17:28,956 - Loaded System Directive: org.apache.velocity.runtime.directive.Include
2021-12-29 10:17:28,956 - Loaded System Directive: org.apache.velocity.runtime.directive.Foreach
2021-12-29 10:17:28,971 - Created: 20 parsers.
2021-12-29 10:17:28,971 - Velocimacro : initialization starting.
2021-12-29 10:17:28,971 - Velocimacro : adding VMs from VM library template : VM_global_library.vm
2021-12-29 10:17:28,971 - ResourceManager : unable to find resource 'VM_global_library.vm' in any resource loader.
2021-12-29 10:17:28,971 - Velocimacro : error using  VM library template VM_global_library.vm : org.apache.velocity.exception.ResourceNotFoundException: Unable to find resource 'VM_global_library.vm'
2021-12-29 10:17:28,971 - Velocimacro :  VM library template macro registration complete.
2021-12-29 10:17:28,971 - Velocimacro : allowInline = true : VMs can be defined inline in templates
2021-12-29 10:17:28,971 - Velocimacro : allowInlineToOverride = false : VMs defined inline may NOT replace previous VM definitions
2021-12-29 10:17:28,971 - Velocimacro : allowInlineLocal = false : VMs defined inline will be  global in scope if allowed.
2021-12-29 10:17:28,971 - Velocimacro : messages on  : VM system will output logging messages
2021-12-29 10:17:28,971 - Velocimacro : autoload off  : VM system will not automatically reload global library macros
2021-12-29 10:17:28,971 - Velocimacro : initialization complete.
2021-12-29 10:17:28,971 - Velocity successfully started.
2021-12-29 12:04:31,467 - SimpleLog4JLogSystem initialized using logfile 'velocity.log'
2021-12-29 12:04:31,467 - ************************************************************** 
2021-12-29 12:04:31,467 - Starting Jakarta Velocity v1.4
2021-12-29 12:04:31,467 - RuntimeInstance initializing.
2021-12-29 12:04:31,467 - Default Properties File: org\apache\velocity\runtime\defaults\velocity.properties
2021-12-29 12:04:31,467 - Trying to use logger class org.apache.velocity.runtime.log.SimpleLog4JLogSystem
2021-12-29 12:04:31,467 - Using logger class org.apache.velocity.runtime.log.SimpleLog4JLogSystem
2021-12-29 12:04:31,467 - Default ResourceManager initializing. (class org.apache.velocity.runtime.resource.ResourceManagerImpl)
2021-12-29 12:04:31,467 - Resource Loader Instantiated: org.apache.velocity.runtime.resource.loader.ClasspathResourceLoader
2021-12-29 12:04:31,467 - ClasspathResourceLoader : initialization starting.
2021-12-29 12:04:31,467 - ClasspathResourceLoader : initialization complete.
2021-12-29 12:04:31,467 - ResourceCache : initialized. (class org.apache.velocity.runtime.resource.ResourceCacheImpl)
2021-12-29 12:04:31,467 - Default ResourceManager initialization complete.
2021-12-29 12:04:31,467 - Loaded System Directive: org.apache.velocity.runtime.directive.Literal
2021-12-29 12:04:31,467 - Loaded System Directive: org.apache.velocity.runtime.directive.Macro
2021-12-29 12:04:31,467 - Loaded System Directive: org.apache.velocity.runtime.directive.Parse
2021-12-29 12:04:31,467 - Loaded System Directive: org.apache.velocity.runtime.directive.Include
2021-12-29 12:04:31,467 - Loaded System Directive: org.apache.velocity.runtime.directive.Foreach
2021-12-29 12:04:31,485 - Created: 20 parsers.
2021-12-29 12:04:31,488 - Velocimacro : initialization starting.
2021-12-29 12:04:31,488 - Velocimacro : adding VMs from VM library template : VM_global_library.vm
2021-12-29 12:04:31,490 - ResourceManager : unable to find resource 'VM_global_library.vm' in any resource loader.
2021-12-29 12:04:31,490 - Velocimacro : error using  VM library template VM_global_library.vm : org.apache.velocity.exception.ResourceNotFoundException: Unable to find resource 'VM_global_library.vm'
2021-12-29 12:04:31,490 - Velocimacro :  VM library template macro registration complete.
2021-12-29 12:04:31,490 - Velocimacro : allowInline = true : VMs can be defined inline in templates
2021-12-29 12:04:31,490 - Velocimacro : allowInlineToOverride = false : VMs defined inline may NOT replace previous VM definitions
2021-12-29 12:04:31,490 - Velocimacro : allowInlineLocal = false : VMs defined inline will be  global in scope if allowed.
2021-12-29 12:04:31,490 - Velocimacro : messages on  : VM system will output logging messages
2021-12-29 12:04:31,490 - Velocimacro : autoload off  : VM system will not automatically reload global library macros
2021-12-29 12:04:31,490 - Velocimacro : initialization complete.
2021-12-29 12:04:31,490 - Velocity successfully started.
2021-12-29 16:39:32,542 - SimpleLog4JLogSystem initialized using logfile 'velocity.log'
2021-12-29 16:39:32,542 - ************************************************************** 
2021-12-29 16:39:32,542 - Starting Jakarta Velocity v1.4
2021-12-29 16:39:32,542 - RuntimeInstance initializing.
2021-12-29 16:39:32,542 - Default Properties File: org\apache\velocity\runtime\defaults\velocity.properties
2021-12-29 16:39:32,542 - Trying to use logger class org.apache.velocity.runtime.log.SimpleLog4JLogSystem
2021-12-29 16:39:32,542 - Using logger class org.apache.velocity.runtime.log.SimpleLog4JLogSystem
2021-12-29 16:39:32,543 - Default ResourceManager initializing. (class org.apache.velocity.runtime.resource.ResourceManagerImpl)
2021-12-29 16:39:32,544 - Resource Loader Instantiated: org.apache.velocity.runtime.resource.loader.ClasspathResourceLoader
2021-12-29 16:39:32,545 - ClasspathResourceLoader : initialization starting.
2021-12-29 16:39:32,545 - ClasspathResourceLoader : initialization complete.
2021-12-29 16:39:32,545 - ResourceCache : initialized. (class org.apache.velocity.runtime.resource.ResourceCacheImpl)
2021-12-29 16:39:32,545 - Default ResourceManager initialization complete.
2021-12-29 16:39:32,546 - Loaded System Directive: org.apache.velocity.runtime.directive.Literal
2021-12-29 16:39:32,546 - Loaded System Directive: org.apache.velocity.runtime.directive.Macro
2021-12-29 16:39:32,547 - Loaded System Directive: org.apache.velocity.runtime.directive.Parse
2021-12-29 16:39:32,548 - Loaded System Directive: org.apache.velocity.runtime.directive.Include
2021-12-29 16:39:32,549 - Loaded System Directive: org.apache.velocity.runtime.directive.Foreach
2021-12-29 16:39:32,559 - Created: 20 parsers.
2021-12-29 16:39:32,562 - Velocimacro : initialization starting.
2021-12-29 16:39:32,562 - Velocimacro : adding VMs from VM library template : VM_global_library.vm
2021-12-29 16:39:32,564 - ResourceManager : unable to find resource 'VM_global_library.vm' in any resource loader.
2021-12-29 16:39:32,564 - Velocimacro : error using  VM library template VM_global_library.vm : org.apache.velocity.exception.ResourceNotFoundException: Unable to find resource 'VM_global_library.vm'
2021-12-29 16:39:32,564 - Velocimacro :  VM library template macro registration complete.
2021-12-29 16:39:32,564 - Velocimacro : allowInline = true : VMs can be defined inline in templates
2021-12-29 16:39:32,564 - Velocimacro : allowInlineToOverride = false : VMs defined inline may NOT replace previous VM definitions
2021-12-29 16:39:32,564 - Velocimacro : allowInlineLocal = false : VMs defined inline will be  global in scope if allowed.
2021-12-29 16:39:32,564 - Velocimacro : messages on  : VM system will output logging messages
2021-12-29 16:39:32,564 - Velocimacro : autoload off  : VM system will not automatically reload global library macros
2021-12-29 16:39:32,564 - Velocimacro : initialization complete.
2021-12-29 16:39:32,564 - Velocity successfully started.
2021-12-29 21:48:19,216 - SimpleLog4JLogSystem initialized using logfile 'velocity.log'
2021-12-29 21:48:19,216 - ************************************************************** 
2021-12-29 21:48:19,216 - Starting Jakarta Velocity v1.4
2021-12-29 21:48:19,216 - RuntimeInstance initializing.
2021-12-29 21:48:19,216 - Default Properties File: org\apache\velocity\runtime\defaults\velocity.properties
2021-12-29 21:48:19,216 - Trying to use logger class org.apache.velocity.runtime.log.SimpleLog4JLogSystem
2021-12-29 21:48:19,216 - Using logger class org.apache.velocity.runtime.log.SimpleLog4JLogSystem
2021-12-29 21:48:19,218 - Default ResourceManager initializing. (class org.apache.velocity.runtime.resource.ResourceManagerImpl)
2021-12-29 21:48:19,219 - Resource Loader Instantiated: org.apache.velocity.runtime.resource.loader.ClasspathResourceLoader
2021-12-29 21:48:19,219 - ClasspathResourceLoader : initialization starting.
2021-12-29 21:48:19,219 - ClasspathResourceLoader : initialization complete.
2021-12-29 21:48:19,219 - ResourceCache : initialized. (class org.apache.velocity.runtime.resource.ResourceCacheImpl)
2021-12-29 21:48:19,219 - Default ResourceManager initialization complete.
2021-12-29 21:48:19,220 - Loaded System Directive: org.apache.velocity.runtime.directive.Literal
2021-12-29 21:48:19,221 - Loaded System Directive: org.apache.velocity.runtime.directive.Macro
2021-12-29 21:48:19,222 - Loaded System Directive: org.apache.velocity.runtime.directive.Parse
2021-12-29 21:48:19,222 - Loaded System Directive: org.apache.velocity.runtime.directive.Include
2021-12-29 21:48:19,223 - Loaded System Directive: org.apache.velocity.runtime.directive.Foreach
2021-12-29 21:48:19,233 - Created: 20 parsers.
2021-12-29 21:48:19,235 - Velocimacro : initialization starting.
2021-12-29 21:48:19,235 - Velocimacro : adding VMs from VM library template : VM_global_library.vm
2021-12-29 21:48:19,238 - ResourceManager : unable to find resource 'VM_global_library.vm' in any resource loader.
2021-12-29 21:48:19,238 - Velocimacro : error using  VM library template VM_global_library.vm : org.apache.velocity.exception.ResourceNotFoundException: Unable to find resource 'VM_global_library.vm'
2021-12-29 21:48:19,238 - Velocimacro :  VM library template macro registration complete.
2021-12-29 21:48:19,238 - Velocimacro : allowInline = true : VMs can be defined inline in templates
2021-12-29 21:48:19,238 - Velocimacro : allowInlineToOverride = false : VMs defined inline may NOT replace previous VM definitions
2021-12-29 21:48:19,238 - Velocimacro : allowInlineLocal = false : VMs defined inline will be  global in scope if allowed.
2021-12-29 21:48:19,238 - Velocimacro : messages on  : VM system will output logging messages
2021-12-29 21:48:19,238 - Velocimacro : autoload off  : VM system will not automatically reload global library macros
2021-12-29 21:48:19,238 - Velocimacro : initialization complete.
2021-12-29 21:48:19,238 - Velocity successfully started.
2021-12-30 10:11:10,042 - SimpleLog4JLogSystem initialized using logfile 'velocity.log'
2021-12-30 10:11:10,042 - ************************************************************** 
2021-12-30 10:11:10,042 - Starting Jakarta Velocity v1.4
2021-12-30 10:11:10,042 - RuntimeInstance initializing.
2021-12-30 10:11:10,042 - Default Properties File: org\apache\velocity\runtime\defaults\velocity.properties
2021-12-30 10:11:10,042 - Trying to use logger class org.apache.velocity.runtime.log.SimpleLog4JLogSystem
2021-12-30 10:11:10,042 - Using logger class org.apache.velocity.runtime.log.SimpleLog4JLogSystem
2021-12-30 10:11:10,043 - Default ResourceManager initializing. (class org.apache.velocity.runtime.resource.ResourceManagerImpl)
2021-12-30 10:11:10,044 - Resource Loader Instantiated: org.apache.velocity.runtime.resource.loader.ClasspathResourceLoader
2021-12-30 10:11:10,044 - ClasspathResourceLoader : initialization starting.
2021-12-30 10:11:10,044 - ClasspathResourceLoader : initialization complete.
2021-12-30 10:11:10,045 - ResourceCache : initialized. (class org.apache.velocity.runtime.resource.ResourceCacheImpl)
2021-12-30 10:11:10,045 - Default ResourceManager initialization complete.
2021-12-30 10:11:10,045 - Loaded System Directive: org.apache.velocity.runtime.directive.Literal
2021-12-30 10:11:10,046 - Loaded System Directive: org.apache.velocity.runtime.directive.Macro
2021-12-30 10:11:10,047 - Loaded System Directive: org.apache.velocity.runtime.directive.Parse
2021-12-30 10:11:10,048 - Loaded System Directive: org.apache.velocity.runtime.directive.Include
2021-12-30 10:11:10,048 - Loaded System Directive: org.apache.velocity.runtime.directive.Foreach
2021-12-30 10:11:10,058 - Created: 20 parsers.
2021-12-30 10:11:10,061 - Velocimacro : initialization starting.
2021-12-30 10:11:10,061 - Velocimacro : adding VMs from VM library template : VM_global_library.vm
2021-12-30 10:11:10,063 - ResourceManager : unable to find resource 'VM_global_library.vm' in any resource loader.
2021-12-30 10:11:10,063 - Velocimacro : error using  VM library template VM_global_library.vm : org.apache.velocity.exception.ResourceNotFoundException: Unable to find resource 'VM_global_library.vm'
2021-12-30 10:11:10,063 - Velocimacro :  VM library template macro registration complete.
2021-12-30 10:11:10,063 - Velocimacro : allowInline = true : VMs can be defined inline in templates
2021-12-30 10:11:10,063 - Velocimacro : allowInlineToOverride = false : VMs defined inline may NOT replace previous VM definitions
2021-12-30 10:11:10,063 - Velocimacro : allowInlineLocal = false : VMs defined inline will be  global in scope if allowed.
2021-12-30 10:11:10,063 - Velocimacro : messages on  : VM system will output logging messages
2021-12-30 10:11:10,063 - Velocimacro : autoload off  : VM system will not automatically reload global library macros
2021-12-30 10:11:10,063 - Velocimacro : initialization complete.
2021-12-30 10:11:10,063 - Velocity successfully started.
2021-12-30 12:58:43,884 - SimpleLog4JLogSystem initialized using logfile 'velocity.log'
2021-12-30 12:58:43,884 - ************************************************************** 
2021-12-30 12:58:43,884 - Starting Jakarta Velocity v1.4
2021-12-30 12:58:43,884 - RuntimeInstance initializing.
2021-12-30 12:58:43,884 - Default Properties File: org\apache\velocity\runtime\defaults\velocity.properties
2021-12-30 12:58:43,884 - Trying to use logger class org.apache.velocity.runtime.log.SimpleLog4JLogSystem
2021-12-30 12:58:43,884 - Using logger class org.apache.velocity.runtime.log.SimpleLog4JLogSystem
2021-12-30 12:58:43,884 - Default ResourceManager initializing. (class org.apache.velocity.runtime.resource.ResourceManagerImpl)
2021-12-30 12:58:43,884 - Resource Loader Instantiated: org.apache.velocity.runtime.resource.loader.ClasspathResourceLoader
2021-12-30 12:58:43,884 - ClasspathResourceLoader : initialization starting.
2021-12-30 12:58:43,884 - ClasspathResourceLoader : initialization complete.
2021-12-30 12:58:43,884 - ResourceCache : initialized. (class org.apache.velocity.runtime.resource.ResourceCacheImpl)
2021-12-30 12:58:43,884 - Default ResourceManager initialization complete.
2021-12-30 12:58:43,884 - Loaded System Directive: org.apache.velocity.runtime.directive.Literal
2021-12-30 12:58:43,884 - Loaded System Directive: org.apache.velocity.runtime.directive.Macro
2021-12-30 12:58:43,884 - Loaded System Directive: org.apache.velocity.runtime.directive.Parse
2021-12-30 12:58:43,884 - Loaded System Directive: org.apache.velocity.runtime.directive.Include
2021-12-30 12:58:43,884 - Loaded System Directive: org.apache.velocity.runtime.directive.Foreach
2021-12-30 12:58:43,899 - Created: 20 parsers.
2021-12-30 12:58:43,899 - Velocimacro : initialization starting.
2021-12-30 12:58:43,899 - Velocimacro : adding VMs from VM library template : VM_global_library.vm
2021-12-30 12:58:43,899 - ResourceManager : unable to find resource 'VM_global_library.vm' in any resource loader.
2021-12-30 12:58:43,899 - Velocimacro : error using  VM library template VM_global_library.vm : org.apache.velocity.exception.ResourceNotFoundException: Unable to find resource 'VM_global_library.vm'
2021-12-30 12:58:43,899 - Velocimacro :  VM library template macro registration complete.
2021-12-30 12:58:43,899 - Velocimacro : allowInline = true : VMs can be defined inline in templates
2021-12-30 12:58:43,899 - Velocimacro : allowInlineToOverride = false : VMs defined inline may NOT replace previous VM definitions
2021-12-30 12:58:43,899 - Velocimacro : allowInlineLocal = false : VMs defined inline will be  global in scope if allowed.
2021-12-30 12:58:43,899 - Velocimacro : messages on  : VM system will output logging messages
2021-12-30 12:58:43,899 - Velocimacro : autoload off  : VM system will not automatically reload global library macros
2021-12-30 12:58:43,899 - Velocimacro : initialization complete.
2021-12-30 12:58:43,899 - Velocity successfully started.
2021-12-30 15:29:27,101 - SimpleLog4JLogSystem initialized using logfile 'velocity.log'
2021-12-30 15:29:27,101 - ************************************************************** 
2021-12-30 15:29:27,101 - Starting Jakarta Velocity v1.4
2021-12-30 15:29:27,101 - RuntimeInstance initializing.
2021-12-30 15:29:27,101 - Default Properties File: org\apache\velocity\runtime\defaults\velocity.properties
2021-12-30 15:29:27,101 - Trying to use logger class org.apache.velocity.runtime.log.SimpleLog4JLogSystem
2021-12-30 15:29:27,101 - Using logger class org.apache.velocity.runtime.log.SimpleLog4JLogSystem
2021-12-30 15:29:27,103 - Default ResourceManager initializing. (class org.apache.velocity.runtime.resource.ResourceManagerImpl)
2021-12-30 15:29:27,105 - Resource Loader Instantiated: org.apache.velocity.runtime.resource.loader.ClasspathResourceLoader
2021-12-30 15:29:27,105 - ClasspathResourceLoader : initialization starting.
2021-12-30 15:29:27,105 - ClasspathResourceLoader : initialization complete.
2021-12-30 15:29:27,106 - ResourceCache : initialized. (class org.apache.velocity.runtime.resource.ResourceCacheImpl)
2021-12-30 15:29:27,106 - Default ResourceManager initialization complete.
2021-12-30 15:29:27,107 - Loaded System Directive: org.apache.velocity.runtime.directive.Literal
2021-12-30 15:29:27,108 - Loaded System Directive: org.apache.velocity.runtime.directive.Macro
2021-12-30 15:29:27,110 - Loaded System Directive: org.apache.velocity.runtime.directive.Parse
2021-12-30 15:29:27,111 - Loaded System Directive: org.apache.velocity.runtime.directive.Include
2021-12-30 15:29:27,112 - Loaded System Directive: org.apache.velocity.runtime.directive.Foreach
2021-12-30 15:29:27,132 - Created: 20 parsers.
2021-12-30 15:29:27,140 - Velocimacro : initialization starting.
2021-12-30 15:29:27,140 - Velocimacro : adding VMs from VM library template : VM_global_library.vm
2021-12-30 15:29:27,144 - ResourceManager : unable to find resource 'VM_global_library.vm' in any resource loader.
2021-12-30 15:29:27,145 - Velocimacro : error using  VM library template VM_global_library.vm : org.apache.velocity.exception.ResourceNotFoundException: Unable to find resource 'VM_global_library.vm'
2021-12-30 15:29:27,145 - Velocimacro :  VM library template macro registration complete.
2021-12-30 15:29:27,145 - Velocimacro : allowInline = true : VMs can be defined inline in templates
2021-12-30 15:29:27,145 - Velocimacro : allowInlineToOverride = false : VMs defined inline may NOT replace previous VM definitions
2021-12-30 15:29:27,145 - Velocimacro : allowInlineLocal = false : VMs defined inline will be  global in scope if allowed.
2021-12-30 15:29:27,145 - Velocimacro : messages on  : VM system will output logging messages
2021-12-30 15:29:27,145 - Velocimacro : autoload off  : VM system will not automatically reload global library macros
2021-12-30 15:29:27,145 - Velocimacro : initialization complete.
2021-12-30 15:29:27,145 - Velocity successfully started.
2021-12-30 15:34:17,465 - SimpleLog4JLogSystem initialized using logfile 'velocity.log'
2021-12-30 15:34:17,465 - ************************************************************** 
2021-12-30 15:34:17,465 - Starting Jakarta Velocity v1.4
2021-12-30 15:34:17,465 - RuntimeInstance initializing.
2021-12-30 15:34:17,465 - Default Properties File: org\apache\velocity\runtime\defaults\velocity.properties
2021-12-30 15:34:17,465 - Trying to use logger class org.apache.velocity.runtime.log.SimpleLog4JLogSystem
2021-12-30 15:34:17,465 - Using logger class org.apache.velocity.runtime.log.SimpleLog4JLogSystem
2021-12-30 15:34:17,467 - Default ResourceManager initializing. (class org.apache.velocity.runtime.resource.ResourceManagerImpl)
2021-12-30 15:34:17,469 - Resource Loader Instantiated: org.apache.velocity.runtime.resource.loader.ClasspathResourceLoader
2021-12-30 15:34:17,469 - ClasspathResourceLoader : initialization starting.
2021-12-30 15:34:17,469 - ClasspathResourceLoader : initialization complete.
2021-12-30 15:34:17,470 - ResourceCache : initialized. (class org.apache.velocity.runtime.resource.ResourceCacheImpl)
2021-12-30 15:34:17,470 - Default ResourceManager initialization complete.
2021-12-30 15:34:17,471 - Loaded System Directive: org.apache.velocity.runtime.directive.Literal
2021-12-30 15:34:17,472 - Loaded System Directive: org.apache.velocity.runtime.directive.Macro
2021-12-30 15:34:17,474 - Loaded System Directive: org.apache.velocity.runtime.directive.Parse
2021-12-30 15:34:17,475 - Loaded System Directive: org.apache.velocity.runtime.directive.Include
2021-12-30 15:34:17,476 - Loaded System Directive: org.apache.velocity.runtime.directive.Foreach
2021-12-30 15:34:17,497 - Created: 20 parsers.
2021-12-30 15:34:17,502 - Velocimacro : initialization starting.
2021-12-30 15:34:17,503 - Velocimacro : adding VMs from VM library template : VM_global_library.vm
2021-12-30 15:34:17,508 - ResourceManager : unable to find resource 'VM_global_library.vm' in any resource loader.
2021-12-30 15:34:17,508 - Velocimacro : error using  VM library template VM_global_library.vm : org.apache.velocity.exception.ResourceNotFoundException: Unable to find resource 'VM_global_library.vm'
2021-12-30 15:34:17,508 - Velocimacro :  VM library template macro registration complete.
2021-12-30 15:34:17,508 - Velocimacro : allowInline = true : VMs can be defined inline in templates
2021-12-30 15:34:17,508 - Velocimacro : allowInlineToOverride = false : VMs defined inline may NOT replace previous VM definitions
2021-12-30 15:34:17,508 - Velocimacro : allowInlineLocal = false : VMs defined inline will be  global in scope if allowed.
2021-12-30 15:34:17,508 - Velocimacro : messages on  : VM system will output logging messages
2021-12-30 15:34:17,508 - Velocimacro : autoload off  : VM system will not automatically reload global library macros
2021-12-30 15:34:17,508 - Velocimacro : initialization complete.
2021-12-30 15:34:17,508 - Velocity successfully started.
2021-12-30 15:37:19,963 - SimpleLog4JLogSystem initialized using logfile 'velocity.log'
2021-12-30 15:37:19,963 - ************************************************************** 
2021-12-30 15:37:19,963 - Starting Jakarta Velocity v1.4
2021-12-30 15:37:19,963 - RuntimeInstance initializing.
2021-12-30 15:37:19,963 - Default Properties File: org\apache\velocity\runtime\defaults\velocity.properties
2021-12-30 15:37:19,963 - Trying to use logger class org.apache.velocity.runtime.log.SimpleLog4JLogSystem
2021-12-30 15:37:19,964 - Using logger class org.apache.velocity.runtime.log.SimpleLog4JLogSystem
2021-12-30 15:37:19,966 - Default ResourceManager initializing. (class org.apache.velocity.runtime.resource.ResourceManagerImpl)
2021-12-30 15:37:19,968 - Resource Loader Instantiated: org.apache.velocity.runtime.resource.loader.ClasspathResourceLoader
2021-12-30 15:37:19,968 - ClasspathResourceLoader : initialization starting.
2021-12-30 15:37:19,968 - ClasspathResourceLoader : initialization complete.
2021-12-30 15:37:19,969 - ResourceCache : initialized. (class org.apache.velocity.runtime.resource.ResourceCacheImpl)
2021-12-30 15:37:19,969 - Default ResourceManager initialization complete.
2021-12-30 15:37:19,971 - Loaded System Directive: org.apache.velocity.runtime.directive.Literal
2021-12-30 15:37:19,972 - Loaded System Directive: org.apache.velocity.runtime.directive.Macro
2021-12-30 15:37:19,974 - Loaded System Directive: org.apache.velocity.runtime.directive.Parse
2021-12-30 15:37:19,975 - Loaded System Directive: org.apache.velocity.runtime.directive.Include
2021-12-30 15:37:19,976 - Loaded System Directive: org.apache.velocity.runtime.directive.Foreach
2021-12-30 15:37:20,069 - Created: 20 parsers.
2021-12-30 15:37:20,074 - Velocimacro : initialization starting.
2021-12-30 15:37:20,074 - Velocimacro : adding VMs from VM library template : VM_global_library.vm
2021-12-30 15:37:20,077 - ResourceManager : unable to find resource 'VM_global_library.vm' in any resource loader.
2021-12-30 15:37:20,077 - Velocimacro : error using  VM library template VM_global_library.vm : org.apache.velocity.exception.ResourceNotFoundException: Unable to find resource 'VM_global_library.vm'
2021-12-30 15:37:20,077 - Velocimacro :  VM library template macro registration complete.
2021-12-30 15:37:20,077 - Velocimacro : allowInline = true : VMs can be defined inline in templates
2021-12-30 15:37:20,077 - Velocimacro : allowInlineToOverride = false : VMs defined inline may NOT replace previous VM definitions
2021-12-30 15:37:20,077 - Velocimacro : allowInlineLocal = false : VMs defined inline will be  global in scope if allowed.
2021-12-30 15:37:20,077 - Velocimacro : messages on  : VM system will output logging messages
2021-12-30 15:37:20,077 - Velocimacro : autoload off  : VM system will not automatically reload global library macros
2021-12-30 15:37:20,077 - Velocimacro : initialization complete.
2021-12-30 15:37:20,077 - Velocity successfully started.
2021-12-30 22:21:43,152 - SimpleLog4JLogSystem initialized using logfile 'velocity.log'
2021-12-30 22:21:43,153 - ************************************************************** 
2021-12-30 22:21:43,153 - Starting Jakarta Velocity v1.4
2021-12-30 22:21:43,153 - RuntimeInstance initializing.
2021-12-30 22:21:43,153 - Default Properties File: org\apache\velocity\runtime\defaults\velocity.properties
2021-12-30 22:21:43,153 - Trying to use logger class org.apache.velocity.runtime.log.SimpleLog4JLogSystem
2021-12-30 22:21:43,153 - Using logger class org.apache.velocity.runtime.log.SimpleLog4JLogSystem
2021-12-30 22:21:43,155 - Default ResourceManager initializing. (class org.apache.velocity.runtime.resource.ResourceManagerImpl)
2021-12-30 22:21:43,156 - Resource Loader Instantiated: org.apache.velocity.runtime.resource.loader.ClasspathResourceLoader
2021-12-30 22:21:43,156 - ClasspathResourceLoader : initialization starting.
2021-12-30 22:21:43,156 - ClasspathResourceLoader : initialization complete.
2021-12-30 22:21:43,157 - ResourceCache : initialized. (class org.apache.velocity.runtime.resource.ResourceCacheImpl)
2021-12-30 22:21:43,158 - Default ResourceManager initialization complete.
2021-12-30 22:21:43,159 - Loaded System Directive: org.apache.velocity.runtime.directive.Literal
2021-12-30 22:21:43,160 - Loaded System Directive: org.apache.velocity.runtime.directive.Macro
2021-12-30 22:21:43,161 - Loaded System Directive: org.apache.velocity.runtime.directive.Parse
2021-12-30 22:21:43,163 - Loaded System Directive: org.apache.velocity.runtime.directive.Include
2021-12-30 22:21:43,163 - Loaded System Directive: org.apache.velocity.runtime.directive.Foreach
2021-12-30 22:21:43,184 - Created: 20 parsers.
2021-12-30 22:21:43,189 - Velocimacro : initialization starting.
2021-12-30 22:21:43,189 - Velocimacro : adding VMs from VM library template : VM_global_library.vm
2021-12-30 22:21:43,192 - ResourceManager : unable to find resource 'VM_global_library.vm' in any resource loader.
2021-12-30 22:21:43,192 - Velocimacro : error using  VM library template VM_global_library.vm : org.apache.velocity.exception.ResourceNotFoundException: Unable to find resource 'VM_global_library.vm'
2021-12-30 22:21:43,192 - Velocimacro :  VM library template macro registration complete.
2021-12-30 22:21:43,192 - Velocimacro : allowInline = true : VMs can be defined inline in templates
2021-12-30 22:21:43,192 - Velocimacro : allowInlineToOverride = false : VMs defined inline may NOT replace previous VM definitions
2021-12-30 22:21:43,192 - Velocimacro : allowInlineLocal = false : VMs defined inline will be  global in scope if allowed.
2021-12-30 22:21:43,192 - Velocimacro : messages on  : VM system will output logging messages
2021-12-30 22:21:43,192 - Velocimacro : autoload off  : VM system will not automatically reload global library macros
2021-12-30 22:21:43,192 - Velocimacro : initialization complete.
2021-12-30 22:21:43,192 - Velocity successfully started.
2021-12-30 22:36:47,151 - SimpleLog4JLogSystem initialized using logfile 'velocity.log'
2021-12-30 22:36:47,151 - ************************************************************** 
2021-12-30 22:36:47,151 - Starting Jakarta Velocity v1.4
2021-12-30 22:36:47,151 - RuntimeInstance initializing.
2021-12-30 22:36:47,151 - Default Properties File: org\apache\velocity\runtime\defaults\velocity.properties
2021-12-30 22:36:47,151 - Trying to use logger class org.apache.velocity.runtime.log.SimpleLog4JLogSystem
2021-12-30 22:36:47,151 - Using logger class org.apache.velocity.runtime.log.SimpleLog4JLogSystem
2021-12-30 22:36:47,154 - Default ResourceManager initializing. (class org.apache.velocity.runtime.resource.ResourceManagerImpl)
2021-12-30 22:36:47,156 - Resource Loader Instantiated: org.apache.velocity.runtime.resource.loader.ClasspathResourceLoader
2021-12-30 22:36:47,156 - ClasspathResourceLoader : initialization starting.
2021-12-30 22:36:47,156 - ClasspathResourceLoader : initialization complete.
2021-12-30 22:36:47,157 - ResourceCache : initialized. (class org.apache.velocity.runtime.resource.ResourceCacheImpl)
2021-12-30 22:36:47,157 - Default ResourceManager initialization complete.
2021-12-30 22:36:47,159 - Loaded System Directive: org.apache.velocity.runtime.directive.Literal
2021-12-30 22:36:47,160 - Loaded System Directive: org.apache.velocity.runtime.directive.Macro
2021-12-30 22:36:47,162 - Loaded System Directive: org.apache.velocity.runtime.directive.Parse
2021-12-30 22:36:47,164 - Loaded System Directive: org.apache.velocity.runtime.directive.Include
2021-12-30 22:36:47,165 - Loaded System Directive: org.apache.velocity.runtime.directive.Foreach
2021-12-30 22:36:47,226 - Created: 20 parsers.
2021-12-30 22:36:47,250 - Velocimacro : initialization starting.
2021-12-30 22:36:47,250 - Velocimacro : adding VMs from VM library template : VM_global_library.vm
2021-12-30 22:36:47,253 - ResourceManager : unable to find resource 'VM_global_library.vm' in any resource loader.
2021-12-30 22:36:47,254 - Velocimacro : error using  VM library template VM_global_library.vm : org.apache.velocity.exception.ResourceNotFoundException: Unable to find resource 'VM_global_library.vm'
2021-12-30 22:36:47,254 - Velocimacro :  VM library template macro registration complete.
2021-12-30 22:36:47,254 - Velocimacro : allowInline = true : VMs can be defined inline in templates
2021-12-30 22:36:47,254 - Velocimacro : allowInlineToOverride = false : VMs defined inline may NOT replace previous VM definitions
2021-12-30 22:36:47,254 - Velocimacro : allowInlineLocal = false : VMs defined inline will be  global in scope if allowed.
2021-12-30 22:36:47,254 - Velocimacro : messages on  : VM system will output logging messages
2021-12-30 22:36:47,254 - Velocimacro : autoload off  : VM system will not automatically reload global library macros
2021-12-30 22:36:47,254 - Velocimacro : initialization complete.
2021-12-30 22:36:47,254 - Velocity successfully started.
2021-12-30 22:39:29,943 - SimpleLog4JLogSystem initialized using logfile 'velocity.log'
2021-12-30 22:39:29,943 - ************************************************************** 
2021-12-30 22:39:29,943 - Starting Jakarta Velocity v1.4
2021-12-30 22:39:29,943 - RuntimeInstance initializing.
2021-12-30 22:39:29,943 - Default Properties File: org\apache\velocity\runtime\defaults\velocity.properties
2021-12-30 22:39:29,943 - Trying to use logger class org.apache.velocity.runtime.log.SimpleLog4JLogSystem
2021-12-30 22:39:29,943 - Using logger class org.apache.velocity.runtime.log.SimpleLog4JLogSystem
2021-12-30 22:39:29,946 - Default ResourceManager initializing. (class org.apache.velocity.runtime.resource.ResourceManagerImpl)
2021-12-30 22:39:29,948 - Resource Loader Instantiated: org.apache.velocity.runtime.resource.loader.ClasspathResourceLoader
2021-12-30 22:39:29,948 - ClasspathResourceLoader : initialization starting.
2021-12-30 22:39:29,948 - ClasspathResourceLoader : initialization complete.
2021-12-30 22:39:29,950 - ResourceCache : initialized. (class org.apache.velocity.runtime.resource.ResourceCacheImpl)
2021-12-30 22:39:29,950 - Default ResourceManager initialization complete.
2021-12-30 22:39:29,955 - Loaded System Directive: org.apache.velocity.runtime.directive.Literal
2021-12-30 22:39:29,957 - Loaded System Directive: org.apache.velocity.runtime.directive.Macro
2021-12-30 22:39:29,959 - Loaded System Directive: org.apache.velocity.runtime.directive.Parse
2021-12-30 22:39:29,961 - Loaded System Directive: org.apache.velocity.runtime.directive.Include
2021-12-30 22:39:29,961 - Loaded System Directive: org.apache.velocity.runtime.directive.Foreach
2021-12-30 22:39:29,995 - Created: 20 parsers.
2021-12-30 22:39:30,000 - Velocimacro : initialization starting.
2021-12-30 22:39:30,000 - Velocimacro : adding VMs from VM library template : VM_global_library.vm
2021-12-30 22:39:30,003 - ResourceManager : unable to find resource 'VM_global_library.vm' in any resource loader.
2021-12-30 22:39:30,003 - Velocimacro : error using  VM library template VM_global_library.vm : org.apache.velocity.exception.ResourceNotFoundException: Unable to find resource 'VM_global_library.vm'
2021-12-30 22:39:30,003 - Velocimacro :  VM library template macro registration complete.
2021-12-30 22:39:30,003 - Velocimacro : allowInline = true : VMs can be defined inline in templates
2021-12-30 22:39:30,003 - Velocimacro : allowInlineToOverride = false : VMs defined inline may NOT replace previous VM definitions
2021-12-30 22:39:30,003 - Velocimacro : allowInlineLocal = false : VMs defined inline will be  global in scope if allowed.
2021-12-30 22:39:30,003 - Velocimacro : messages on  : VM system will output logging messages
2021-12-30 22:39:30,003 - Velocimacro : autoload off  : VM system will not automatically reload global library macros
2021-12-30 22:39:30,004 - Velocimacro : initialization complete.
2021-12-30 22:39:30,004 - Velocity successfully started.
2021-12-31 00:01:36,525 - SimpleLog4JLogSystem initialized using logfile 'velocity.log'
2021-12-31 00:01:36,525 - ************************************************************** 
2021-12-31 00:01:36,525 - Starting Jakarta Velocity v1.4
2021-12-31 00:01:36,525 - RuntimeInstance initializing.
2021-12-31 00:01:36,525 - Default Properties File: org\apache\velocity\runtime\defaults\velocity.properties
2021-12-31 00:01:36,525 - Trying to use logger class org.apache.velocity.runtime.log.SimpleLog4JLogSystem
2021-12-31 00:01:36,525 - Using logger class org.apache.velocity.runtime.log.SimpleLog4JLogSystem
2021-12-31 00:01:36,526 - Default ResourceManager initializing. (class org.apache.velocity.runtime.resource.ResourceManagerImpl)
2021-12-31 00:01:36,527 - Resource Loader Instantiated: org.apache.velocity.runtime.resource.loader.ClasspathResourceLoader
2021-12-31 00:01:36,527 - ClasspathResourceLoader : initialization starting.
2021-12-31 00:01:36,527 - ClasspathResourceLoader : initialization complete.
2021-12-31 00:01:36,528 - ResourceCache : initialized. (class org.apache.velocity.runtime.resource.ResourceCacheImpl)
2021-12-31 00:01:36,528 - Default ResourceManager initialization complete.
2021-12-31 00:01:36,529 - Loaded System Directive: org.apache.velocity.runtime.directive.Literal
2021-12-31 00:01:36,529 - Loaded System Directive: org.apache.velocity.runtime.directive.Macro
2021-12-31 00:01:36,530 - Loaded System Directive: org.apache.velocity.runtime.directive.Parse
2021-12-31 00:01:36,531 - Loaded System Directive: org.apache.velocity.runtime.directive.Include
2021-12-31 00:01:36,531 - Loaded System Directive: org.apache.velocity.runtime.directive.Foreach
2021-12-31 00:01:36,541 - Created: 20 parsers.
2021-12-31 00:01:36,544 - Velocimacro : initialization starting.
2021-12-31 00:01:36,544 - Velocimacro : adding VMs from VM library template : VM_global_library.vm
2021-12-31 00:01:36,546 - ResourceManager : unable to find resource 'VM_global_library.vm' in any resource loader.
2021-12-31 00:01:36,546 - Velocimacro : error using  VM library template VM_global_library.vm : org.apache.velocity.exception.ResourceNotFoundException: Unable to find resource 'VM_global_library.vm'
2021-12-31 00:01:36,546 - Velocimacro :  VM library template macro registration complete.
2021-12-31 00:01:36,546 - Velocimacro : allowInline = true : VMs can be defined inline in templates
2021-12-31 00:01:36,546 - Velocimacro : allowInlineToOverride = false : VMs defined inline may NOT replace previous VM definitions
2021-12-31 00:01:36,546 - Velocimacro : allowInlineLocal = false : VMs defined inline will be  global in scope if allowed.
2021-12-31 00:01:36,546 - Velocimacro : messages on  : VM system will output logging messages
2021-12-31 00:01:36,546 - Velocimacro : autoload off  : VM system will not automatically reload global library macros
2021-12-31 00:01:36,546 - Velocimacro : initialization complete.
2021-12-31 00:01:36,546 - Velocity successfully started.
2021-12-31 00:05:47,690 - SimpleLog4JLogSystem initialized using logfile 'velocity.log'
2021-12-31 00:05:47,690 - ************************************************************** 
2021-12-31 00:05:47,690 - Starting Jakarta Velocity v1.4
2021-12-31 00:05:47,690 - RuntimeInstance initializing.
2021-12-31 00:05:47,690 - Default Properties File: org\apache\velocity\runtime\defaults\velocity.properties
2021-12-31 00:05:47,690 - Trying to use logger class org.apache.velocity.runtime.log.SimpleLog4JLogSystem
2021-12-31 00:05:47,690 - Using logger class org.apache.velocity.runtime.log.SimpleLog4JLogSystem
2021-12-31 00:05:47,690 - Default ResourceManager initializing. (class org.apache.velocity.runtime.resource.ResourceManagerImpl)
2021-12-31 00:05:47,690 - Resource Loader Instantiated: org.apache.velocity.runtime.resource.loader.ClasspathResourceLoader
2021-12-31 00:05:47,690 - ClasspathResourceLoader : initialization starting.
2021-12-31 00:05:47,690 - ClasspathResourceLoader : initialization complete.
2021-12-31 00:05:47,690 - ResourceCache : initialized. (class org.apache.velocity.runtime.resource.ResourceCacheImpl)
2021-12-31 00:05:47,690 - Default ResourceManager initialization complete.
2021-12-31 00:05:47,690 - Loaded System Directive: org.apache.velocity.runtime.directive.Literal
2021-12-31 00:05:47,690 - Loaded System Directive: org.apache.velocity.runtime.directive.Macro
2021-12-31 00:05:47,690 - Loaded System Directive: org.apache.velocity.runtime.directive.Parse
2021-12-31 00:05:47,690 - Loaded System Directive: org.apache.velocity.runtime.directive.Include
2021-12-31 00:05:47,690 - Loaded System Directive: org.apache.velocity.runtime.directive.Foreach
2021-12-31 00:05:47,706 - Created: 20 parsers.
2021-12-31 00:05:47,706 - Velocimacro : initialization starting.
2021-12-31 00:05:47,706 - Velocimacro : adding VMs from VM library template : VM_global_library.vm
2021-12-31 00:05:47,706 - ResourceManager : unable to find resource 'VM_global_library.vm' in any resource loader.
2021-12-31 00:05:47,706 - Velocimacro : error using  VM library template VM_global_library.vm : org.apache.velocity.exception.ResourceNotFoundException: Unable to find resource 'VM_global_library.vm'
2021-12-31 00:05:47,706 - Velocimacro :  VM library template macro registration complete.
2021-12-31 00:05:47,706 - Velocimacro : allowInline = true : VMs can be defined inline in templates
2021-12-31 00:05:47,706 - Velocimacro : allowInlineToOverride = false : VMs defined inline may NOT replace previous VM definitions
2021-12-31 00:05:47,706 - Velocimacro : allowInlineLocal = false : VMs defined inline will be  global in scope if allowed.
2021-12-31 00:05:47,706 - Velocimacro : messages on  : VM system will output logging messages
2021-12-31 00:05:47,706 - Velocimacro : autoload off  : VM system will not automatically reload global library macros
2021-12-31 00:05:47,706 - Velocimacro : initialization complete.
2021-12-31 00:05:47,706 - Velocity successfully started.
2021-12-31 00:06:54,405 - SimpleLog4JLogSystem initialized using logfile 'velocity.log'
2021-12-31 00:06:54,405 - ************************************************************** 
2021-12-31 00:06:54,405 - Starting Jakarta Velocity v1.4
2021-12-31 00:06:54,405 - RuntimeInstance initializing.
2021-12-31 00:06:54,405 - Default Properties File: org\apache\velocity\runtime\defaults\velocity.properties
2021-12-31 00:06:54,405 - Trying to use logger class org.apache.velocity.runtime.log.SimpleLog4JLogSystem
2021-12-31 00:06:54,405 - Using logger class org.apache.velocity.runtime.log.SimpleLog4JLogSystem
2021-12-31 00:06:54,405 - Default ResourceManager initializing. (class org.apache.velocity.runtime.resource.ResourceManagerImpl)
2021-12-31 00:06:54,405 - Resource Loader Instantiated: org.apache.velocity.runtime.resource.loader.ClasspathResourceLoader
2021-12-31 00:06:54,405 - ClasspathResourceLoader : initialization starting.
2021-12-31 00:06:54,405 - ClasspathResourceLoader : initialization complete.
2021-12-31 00:06:54,405 - ResourceCache : initialized. (class org.apache.velocity.runtime.resource.ResourceCacheImpl)
2021-12-31 00:06:54,405 - Default ResourceManager initialization complete.
2021-12-31 00:06:54,405 - Loaded System Directive: org.apache.velocity.runtime.directive.Literal
2021-12-31 00:06:54,405 - Loaded System Directive: org.apache.velocity.runtime.directive.Macro
2021-12-31 00:06:54,405 - Loaded System Directive: org.apache.velocity.runtime.directive.Parse
2021-12-31 00:06:54,405 - Loaded System Directive: org.apache.velocity.runtime.directive.Include
2021-12-31 00:06:54,405 - Loaded System Directive: org.apache.velocity.runtime.directive.Foreach
2021-12-31 00:06:54,422 - Created: 20 parsers.
2021-12-31 00:06:54,422 - Velocimacro : initialization starting.
2021-12-31 00:06:54,422 - Velocimacro : adding VMs from VM library template : VM_global_library.vm
2021-12-31 00:06:54,422 - ResourceManager : unable to find resource 'VM_global_library.vm' in any resource loader.
2021-12-31 00:06:54,422 - Velocimacro : error using  VM library template VM_global_library.vm : org.apache.velocity.exception.ResourceNotFoundException: Unable to find resource 'VM_global_library.vm'
2021-12-31 00:06:54,422 - Velocimacro :  VM library template macro registration complete.
2021-12-31 00:06:54,422 - Velocimacro : allowInline = true : VMs can be defined inline in templates
2021-12-31 00:06:54,422 - Velocimacro : allowInlineToOverride = false : VMs defined inline may NOT replace previous VM definitions
2021-12-31 00:06:54,422 - Velocimacro : allowInlineLocal = false : VMs defined inline will be  global in scope if allowed.
2021-12-31 00:06:54,422 - Velocimacro : messages on  : VM system will output logging messages
2021-12-31 00:06:54,422 - Velocimacro : autoload off  : VM system will not automatically reload global library macros
2021-12-31 00:06:54,422 - Velocimacro : initialization complete.
2021-12-31 00:06:54,422 - Velocity successfully started.
2021-12-31 00:19:47,640 - SimpleLog4JLogSystem initialized using logfile 'velocity.log'
2021-12-31 00:19:47,640 - ************************************************************** 
2021-12-31 00:19:47,640 - Starting Jakarta Velocity v1.4
2021-12-31 00:19:47,640 - RuntimeInstance initializing.
2021-12-31 00:19:47,640 - Default Properties File: org\apache\velocity\runtime\defaults\velocity.properties
2021-12-31 00:19:47,640 - Trying to use logger class org.apache.velocity.runtime.log.SimpleLog4JLogSystem
2021-12-31 00:19:47,640 - Using logger class org.apache.velocity.runtime.log.SimpleLog4JLogSystem
2021-12-31 00:19:47,640 - Default ResourceManager initializing. (class org.apache.velocity.runtime.resource.ResourceManagerImpl)
2021-12-31 00:19:47,640 - Resource Loader Instantiated: org.apache.velocity.runtime.resource.loader.ClasspathResourceLoader
2021-12-31 00:19:47,640 - ClasspathResourceLoader : initialization starting.
2021-12-31 00:19:47,640 - ClasspathResourceLoader : initialization complete.
2021-12-31 00:19:47,640 - ResourceCache : initialized. (class org.apache.velocity.runtime.resource.ResourceCacheImpl)
2021-12-31 00:19:47,640 - Default ResourceManager initialization complete.
2021-12-31 00:19:47,640 - Loaded System Directive: org.apache.velocity.runtime.directive.Literal
2021-12-31 00:19:47,640 - Loaded System Directive: org.apache.velocity.runtime.directive.Macro
2021-12-31 00:19:47,640 - Loaded System Directive: org.apache.velocity.runtime.directive.Parse
2021-12-31 00:19:47,640 - Loaded System Directive: org.apache.velocity.runtime.directive.Include
2021-12-31 00:19:47,640 - Loaded System Directive: org.apache.velocity.runtime.directive.Foreach
2021-12-31 00:19:47,656 - Created: 20 parsers.
2021-12-31 00:19:47,656 - Velocimacro : initialization starting.
2021-12-31 00:19:47,656 - Velocimacro : adding VMs from VM library template : VM_global_library.vm
2021-12-31 00:19:47,656 - ResourceManager : unable to find resource 'VM_global_library.vm' in any resource loader.
2021-12-31 00:19:47,656 - Velocimacro : error using  VM library template VM_global_library.vm : org.apache.velocity.exception.ResourceNotFoundException: Unable to find resource 'VM_global_library.vm'
2021-12-31 00:19:47,656 - Velocimacro :  VM library template macro registration complete.
2021-12-31 00:19:47,656 - Velocimacro : allowInline = true : VMs can be defined inline in templates
2021-12-31 00:19:47,656 - Velocimacro : allowInlineToOverride = false : VMs defined inline may NOT replace previous VM definitions
2021-12-31 00:19:47,656 - Velocimacro : allowInlineLocal = false : VMs defined inline will be  global in scope if allowed.
2021-12-31 00:19:47,656 - Velocimacro : messages on  : VM system will output logging messages
2021-12-31 00:19:47,656 - Velocimacro : autoload off  : VM system will not automatically reload global library macros
2021-12-31 00:19:47,656 - Velocimacro : initialization complete.
2021-12-31 00:19:47,656 - Velocity successfully started.
2021-12-31 00:59:56,285 - SimpleLog4JLogSystem initialized using logfile 'velocity.log'
2021-12-31 00:59:56,286 - ************************************************************** 
2021-12-31 00:59:56,286 - Starting Jakarta Velocity v1.4
2021-12-31 00:59:56,286 - RuntimeInstance initializing.
2021-12-31 00:59:56,286 - Default Properties File: org\apache\velocity\runtime\defaults\velocity.properties
2021-12-31 00:59:56,286 - Trying to use logger class org.apache.velocity.runtime.log.SimpleLog4JLogSystem
2021-12-31 00:59:56,286 - Using logger class org.apache.velocity.runtime.log.SimpleLog4JLogSystem
2021-12-31 00:59:56,287 - Default ResourceManager initializing. (class org.apache.velocity.runtime.resource.ResourceManagerImpl)
2021-12-31 00:59:56,288 - Resource Loader Instantiated: org.apache.velocity.runtime.resource.loader.ClasspathResourceLoader
2021-12-31 00:59:56,288 - ClasspathResourceLoader : initialization starting.
2021-12-31 00:59:56,288 - ClasspathResourceLoader : initialization complete.
2021-12-31 00:59:56,288 - ResourceCache : initialized. (class org.apache.velocity.runtime.resource.ResourceCacheImpl)
2021-12-31 00:59:56,288 - Default ResourceManager initialization complete.
2021-12-31 00:59:56,289 - Loaded System Directive: org.apache.velocity.runtime.directive.Literal
2021-12-31 00:59:56,290 - Loaded System Directive: org.apache.velocity.runtime.directive.Macro
2021-12-31 00:59:56,291 - Loaded System Directive: org.apache.velocity.runtime.directive.Parse
2021-12-31 00:59:56,292 - Loaded System Directive: org.apache.velocity.runtime.directive.Include
2021-12-31 00:59:56,292 - Loaded System Directive: org.apache.velocity.runtime.directive.Foreach
2021-12-31 00:59:56,302 - Created: 20 parsers.
2021-12-31 00:59:56,304 - Velocimacro : initialization starting.
2021-12-31 00:59:56,304 - Velocimacro : adding VMs from VM library template : VM_global_library.vm
2021-12-31 00:59:56,306 - ResourceManager : unable to find resource 'VM_global_library.vm' in any resource loader.
2021-12-31 00:59:56,306 - Velocimacro : error using  VM library template VM_global_library.vm : org.apache.velocity.exception.ResourceNotFoundException: Unable to find resource 'VM_global_library.vm'
2021-12-31 00:59:56,306 - Velocimacro :  VM library template macro registration complete.
2021-12-31 00:59:56,306 - Velocimacro : allowInline = true : VMs can be defined inline in templates
2021-12-31 00:59:56,306 - Velocimacro : allowInlineToOverride = false : VMs defined inline may NOT replace previous VM definitions
2021-12-31 00:59:56,306 - Velocimacro : allowInlineLocal = false : VMs defined inline will be  global in scope if allowed.
2021-12-31 00:59:56,306 - Velocimacro : messages on  : VM system will output logging messages
2021-12-31 00:59:56,306 - Velocimacro : autoload off  : VM system will not automatically reload global library macros
2021-12-31 00:59:56,306 - Velocimacro : initialization complete.
2021-12-31 00:59:56,306 - Velocity successfully started.
2021-12-31 08:25:07,631 - SimpleLog4JLogSystem initialized using logfile 'velocity.log'
2021-12-31 08:25:07,631 - ************************************************************** 
2021-12-31 08:25:07,646 - Starting Jakarta Velocity v1.4
2021-12-31 08:25:07,646 - RuntimeInstance initializing.
2021-12-31 08:25:07,646 - Default Properties File: org\apache\velocity\runtime\defaults\velocity.properties
2021-12-31 08:25:07,646 - Trying to use logger class org.apache.velocity.runtime.log.SimpleLog4JLogSystem
2021-12-31 08:25:07,646 - Using logger class org.apache.velocity.runtime.log.SimpleLog4JLogSystem
2021-12-31 08:25:07,646 - Default ResourceManager initializing. (class org.apache.velocity.runtime.resource.ResourceManagerImpl)
2021-12-31 08:25:07,646 - Resource Loader Instantiated: org.apache.velocity.runtime.resource.loader.ClasspathResourceLoader
2021-12-31 08:25:07,646 - ClasspathResourceLoader : initialization starting.
2021-12-31 08:25:07,646 - ClasspathResourceLoader : initialization complete.
2021-12-31 08:25:07,646 - ResourceCache : initialized. (class org.apache.velocity.runtime.resource.ResourceCacheImpl)
2021-12-31 08:25:07,646 - Default ResourceManager initialization complete.
2021-12-31 08:25:07,646 - Loaded System Directive: org.apache.velocity.runtime.directive.Literal
2021-12-31 08:25:07,646 - Loaded System Directive: org.apache.velocity.runtime.directive.Macro
2021-12-31 08:25:07,646 - Loaded System Directive: org.apache.velocity.runtime.directive.Parse
2021-12-31 08:25:07,646 - Loaded System Directive: org.apache.velocity.runtime.directive.Include
2021-12-31 08:25:07,646 - Loaded System Directive: org.apache.velocity.runtime.directive.Foreach
2021-12-31 08:25:07,662 - Created: 20 parsers.
2021-12-31 08:25:07,662 - Velocimacro : initialization starting.
2021-12-31 08:25:07,662 - Velocimacro : adding VMs from VM library template : VM_global_library.vm
2021-12-31 08:25:07,662 - ResourceManager : unable to find resource 'VM_global_library.vm' in any resource loader.
2021-12-31 08:25:07,662 - Velocimacro : error using  VM library template VM_global_library.vm : org.apache.velocity.exception.ResourceNotFoundException: Unable to find resource 'VM_global_library.vm'
2021-12-31 08:25:07,662 - Velocimacro :  VM library template macro registration complete.
2021-12-31 08:25:07,662 - Velocimacro : allowInline = true : VMs can be defined inline in templates
2021-12-31 08:25:07,662 - Velocimacro : allowInlineToOverride = false : VMs defined inline may NOT replace previous VM definitions
2021-12-31 08:25:07,662 - Velocimacro : allowInlineLocal = false : VMs defined inline will be  global in scope if allowed.
2021-12-31 08:25:07,662 - Velocimacro : messages on  : VM system will output logging messages
2021-12-31 08:25:07,662 - Velocimacro : autoload off  : VM system will not automatically reload global library macros
2021-12-31 08:25:07,662 - Velocimacro : initialization complete.
2021-12-31 08:25:07,662 - Velocity successfully started.
